#
# There is insufficient memory for the Java Runtime Environment to continue.
# Native memory allocation (mmap) failed to map 130023424 bytes for Failed to commit area from 0x0000000085200000 to 0x000000008ce00000 of length 130023424.
# Possible reasons:
#   The system is out of physical RAM or swap space
#   The process is running with CompressedOops enabled, and the Java Heap may be blocking the growth of the native heap
# Possible solutions:
#   Reduce memory load on the system
#   Increase physical memory or swap space
#   Check if swap backing store is full
#   Decrease Java heap size (-Xmx/-Xms)
#   Decrease number of Java threads
#   Decrease Java thread stack sizes (-Xss)
#   Set larger code cache with -XX:ReservedCodeCacheSize=
# This output file may be truncated or incomplete.
#
#  Out of Memory Error (./src/hotspot/os/windows/os_windows.cpp:3301), pid=3660, tid=5376
#
# JRE version:  (11.0.11+9) (build )
# Java VM: OpenJDK 64-Bit Server VM (11.0.11+9-b60-7590822, mixed mode, sharing, tiered, compressed oops, g1 gc, windows-amd64)
# No core dump will be written. Minidumps are not enabled by default on client versions of Windows
#

---------------  S U M M A R Y ------------

Command Line: org.jetbrains.git4idea.http.GitAskPassApp Username for 'https://github.com/zakisk/TodoApp.git': 

Host: Intel(R) Core(TM) i3 CPU       M 370  @ 2.40GHz, 4 cores, 7G,  Windows 8.1 , 64 bit Build 9600 (6.3.9600.17031)
Time: Sun May 15 00:50:31 2022 India Standard Time elapsed time: 0.243550 seconds (0d 0h 0m 0s)

---------------  T H R E A D  ---------------

Current thread (0x00000092380ba800):  JavaThread "Unknown thread" [_thread_in_vm, id=5376, stack(0x0000009239910000,0x0000009239a10000)]

Stack: [0x0000009239910000,0x0000009239a10000]
Native frames: (J=compiled Java code, j=interpreted, Vv=VM code, C=native code)
V  [jvm.dll+0x5f214a]
V  [jvm.dll+0x726fb5]
V  [jvm.dll+0x7285cd]
V  [jvm.dll+0x728c83]
V  [jvm.dll+0x243278]
V  [jvm.dll+0x5ef544]
V  [jvm.dll+0x5e4495]
V  [jvm.dll+0x2fec5b]
V  [jvm.dll+0x2febca]
V  [jvm.dll+0x2feaa2]
V  [jvm.dll+0x303986]
V  [jvm.dll+0x34c3a3]
V  [jvm.dll+0x34caa6]
V  [jvm.dll+0x34c4a3]
V  [jvm.dll+0x2d9688]
V  [jvm.dll+0x2da837]
V  [jvm.dll+0x705ba7]
V  [jvm.dll+0x70739c]
V  [jvm.dll+0x3598f9]
V  [jvm.dll+0x6e931e]
V  [jvm.dll+0x3c1c43]
V  [jvm.dll+0x3c3e81]
C  [jli.dll+0x5373]
C  [ucrtbase.DLL+0x6173d]
C  [KERNEL32.DLL+0x168d]
C  [ntdll.dll+0x15444]


---------------  P R O C E S S  ---------------

Threads class SMR info:
_java_thread_list=0x0000009237fdddf0, length=0, elements={
}

Java Threads: ( => current thread )

Other Threads:
  0x000000923a27f000 GCTaskThread "GC Thread#0" [stack: 0x0000009239bf0000,0x0000009239cf0000] [id=2464]
  0x000000923a2ad800 ConcurrentGCThread "G1 Main Marker" [stack: 0x0000009251650000,0x0000009251750000] [id=5948]
  0x000000923a2af000 ConcurrentGCThread "G1 Conc#0" [stack: 0x0000009251750000,0x0000009251850000] [id=5700]

[error occurred during error reporting (printing all threads), id 0xc0000005, EXCEPTION_ACCESS_VIOLATION (0xc0000005) at pc=0x00007ff812449c47]

VM state:not at safepoint (not fully initialized)

VM Mutex/Monitor currently owned by a thread:  ([mutex/lock_event])
[0x000000923a269e90] Heap_lock - owner thread: 0x00000092380ba800

Heap address: 0x0000000085200000, size: 1966 MB, Compressed Oops mode: Non-zero based: 0x0000000085200000
Narrow klass base: 0x0000000000000000, Narrow klass shift: 0

GC Heap History (0 events):
No events

Deoptimization events (0 events):
No events

Classes redefined (0 events):
No events

Internal exceptions (0 events):
No events

Events (1 events):
Event: 0.066 Loaded shared library E:\Zaki\Softwares\android-studio-2020.3.1.3-windows\android-studio\jre\bin\zip.dll


Dynamic libraries:
0x00007ff6e6190000 - 0x00007ff6e619a000 	E:\Zaki\Softwares\android-studio-2020.3.1.3-windows\android-studio\jre\bin\java.exe
0x00007ff820cc0000 - 0x00007ff820e6c000 	C:\Windows\SYSTEM32\ntdll.dll
0x00007ff81ffb0000 - 0x00007ff8200ea000 	C:\Windows\system32\KERNEL32.DLL
0x00007ff81e150000 - 0x00007ff81e260000 	C:\Windows\system32\KERNELBASE.dll
0x00007ff816020000 - 0x00007ff816039000 	E:\Zaki\Softwares\android-studio-2020.3.1.3-windows\android-studio\jre\bin\jli.dll
0x00007ff81ae50000 - 0x00007ff81ae67000 	E:\Zaki\Softwares\android-studio-2020.3.1.3-windows\android-studio\jre\bin\VCRUNTIME140.dll
0x00007ff81ae40000 - 0x00007ff81ae44000 	C:\Windows\SYSTEM32\api-ms-win-crt-stdio-l1-1-0.dll
0x00007ff81ae20000 - 0x00007ff81ae24000 	C:\Windows\SYSTEM32\api-ms-win-crt-runtime-l1-1-0.dll
0x00007ff81ae00000 - 0x00007ff81ae03000 	C:\Windows\SYSTEM32\api-ms-win-crt-environment-l1-1-0.dll
0x00007ff81ade0000 - 0x00007ff81ade5000 	C:\Windows\SYSTEM32\api-ms-win-crt-math-l1-1-0.dll
0x00007ff81a260000 - 0x00007ff81a263000 	C:\Windows\SYSTEM32\api-ms-win-crt-locale-l1-1-0.dll
0x00007ff81adb0000 - 0x00007ff81adb3000 	C:\Windows\SYSTEM32\api-ms-win-crt-heap-l1-1-0.dll
0x00007ff81b890000 - 0x00007ff81bb0a000 	C:\Windows\WinSxS\amd64_microsoft.windows.common-controls_6595b64144ccf1df_6.0.9600.17810_none_6240b9c7ecbd0bda\COMCTL32.dll
0x00007ff820340000 - 0x00007ff8204b1000 	C:\Windows\system32\USER32.dll
0x00007ff81add0000 - 0x00007ff81add3000 	C:\Windows\SYSTEM32\api-ms-win-crt-filesystem-l1-1-0.dll
0x00007ff81ae30000 - 0x00007ff81ae34000 	C:\Windows\SYSTEM32\api-ms-win-crt-string-l1-1-0.dll
0x00007ff81ae10000 - 0x00007ff81ae14000 	C:\Windows\SYSTEM32\api-ms-win-crt-convert-l1-1-0.dll
0x00007ff820930000 - 0x00007ff8209d7000 	C:\Windows\system32\msvcrt.dll
0x00007ff81e5a0000 - 0x00007ff81e6e5000 	C:\Windows\system32\GDI32.dll
0x00007ff81a2b0000 - 0x00007ff81a39c000 	C:\Windows\SYSTEM32\ucrtbase.DLL
0x00007ff8208f0000 - 0x00007ff820924000 	C:\Windows\system32\IMM32.DLL
0x00007ff81e900000 - 0x00007ff81ea39000 	C:\Windows\system32\MSCTF.dll
0x00007ff8153e0000 - 0x00007ff81547d000 	E:\Zaki\Softwares\android-studio-2020.3.1.3-windows\android-studio\jre\bin\msvcp140.dll
0x00007ff81a250000 - 0x00007ff81a255000 	C:\Windows\SYSTEM32\api-ms-win-crt-multibyte-l1-1-0.dll
0x00007ff81adc0000 - 0x00007ff81adc3000 	C:\Windows\SYSTEM32\api-ms-win-crt-time-l1-1-0.dll
0x00007ff81adf0000 - 0x00007ff81adf3000 	C:\Windows\SYSTEM32\api-ms-win-crt-utility-l1-1-0.dll
0x00007ff812160000 - 0x00007ff812c35000 	E:\Zaki\Softwares\android-studio-2020.3.1.3-windows\android-studio\jre\bin\server\jvm.dll
0x00007ff820840000 - 0x00007ff8208e5000 	C:\Windows\system32\ADVAPI32.dll
0x00007ff81b670000 - 0x00007ff81b679000 	C:\Windows\SYSTEM32\WSOCK32.dll
0x00007ff815740000 - 0x00007ff81575f000 	C:\Windows\SYSTEM32\WINMM.dll
0x00007ff818b00000 - 0x00007ff818b0a000 	C:\Windows\SYSTEM32\VERSION.dll
0x00007ff81e8f0000 - 0x00007ff81e8f7000 	C:\Windows\system32\PSAPI.DLL
0x00007ff8209e0000 - 0x00007ff820a39000 	C:\Windows\SYSTEM32\sechost.dll
0x00007ff820ac0000 - 0x00007ff820bf6000 	C:\Windows\system32\RPCRT4.dll
0x00007ff820100000 - 0x00007ff82015a000 	C:\Windows\system32\WS2_32.dll
0x00007ff815710000 - 0x00007ff81573a000 	C:\Windows\SYSTEM32\WINMMBASE.dll
0x00007ff8200f0000 - 0x00007ff8200f9000 	C:\Windows\system32\NSI.dll
0x00007ff81e100000 - 0x00007ff81e14a000 	C:\Windows\SYSTEM32\cfgmgr32.dll
0x00007ff81cea0000 - 0x00007ff81cec6000 	C:\Windows\SYSTEM32\DEVOBJ.dll
0x00007ff81ccd0000 - 0x00007ff81ccda000 	C:\Windows\SYSTEM32\kernel.appcore.dll
0x00007ff81ad90000 - 0x00007ff81ada1000 	E:\Zaki\Softwares\android-studio-2020.3.1.3-windows\android-studio\jre\bin\verify.dll
0x00007ff815a10000 - 0x00007ff815b99000 	C:\Windows\SYSTEM32\DBGHELP.DLL
0x00007ff81ad60000 - 0x00007ff81ad89000 	E:\Zaki\Softwares\android-studio-2020.3.1.3-windows\android-studio\jre\bin\java.dll
0x00007ff81ad50000 - 0x00007ff81ad5b000 	E:\Zaki\Softwares\android-studio-2020.3.1.3-windows\android-studio\jre\bin\jimage.dll
0x00007ff81ad30000 - 0x00007ff81ad48000 	E:\Zaki\Softwares\android-studio-2020.3.1.3-windows\android-studio\jre\bin\zip.dll

dbghelp: loaded successfully - version: 4.0.5 - missing functions: none
symbol engine: initialized successfully - sym options: 0x614 - pdb path: .;E:\Zaki\Softwares\android-studio-2020.3.1.3-windows\android-studio\jre\bin;C:\Windows\SYSTEM32;C:\Windows\WinSxS\amd64_microsoft.windows.common-controls_6595b64144ccf1df_6.0.9600.17810_none_6240b9c7ecbd0bda;E:\Zaki\Softwares\android-studio-2020.3.1.3-windows\android-studio\jre\bin\server

VM Arguments:
java_command: org.jetbrains.git4idea.http.GitAskPassApp Username for 'https://github.com/zakisk/TodoApp.git': 
java_class_path (initial): E:/Zaki/Softwares/android-studio-2020.3.1.3-windows/android-studio/plugins/git4idea/lib/git4idea-rt.jar;E:/Zaki/Softwares/android-studio-2020.3.1.3-windows/android-studio/lib/xmlrpc-2.0.1.jar;E:/Zaki/Softwares/android-studio-2020.3.1.3-windows/android-studio/lib/commons-codec-1.15.jar
Launcher Type: SUN_STANDARD

[Global flags]
     intx CICompilerCount                          = 3                                         {product} {ergonomic}
     uint ConcGCThreads                            = 1                                         {product} {ergonomic}
     uint G1ConcRefinementThreads                  = 4                                         {product} {ergonomic}
   size_t G1HeapRegionSize                         = 1048576                                   {product} {ergonomic}
    uintx GCDrainStackTargetSize                   = 64                                        {product} {ergonomic}
   size_t InitialHeapSize                          = 130023424                                 {product} {ergonomic}
   size_t MarkStackSize                            = 4194304                                   {product} {ergonomic}
   size_t MaxHeapSize                              = 2061500416                                {product} {ergonomic}
   size_t MinHeapDeltaBytes                        = 1048576                                   {product} {ergonomic}
    uintx NonNMethodCodeHeapSize                   = 5830732                                {pd product} {ergonomic}
    uintx NonProfiledCodeHeapSize                  = 122913754                              {pd product} {ergonomic}
    uintx ProfiledCodeHeapSize                     = 122913754                              {pd product} {ergonomic}
    uintx ReservedCodeCacheSize                    = 251658240                              {pd product} {ergonomic}
     bool SegmentedCodeCache                       = true                                      {product} {ergonomic}
     bool UseCompressedClassPointers               = true                                 {lp64_product} {ergonomic}
     bool UseCompressedOops                        = true                                 {lp64_product} {ergonomic}
     bool UseG1GC                                  = true                                      {product} {ergonomic}
     bool UseLargePagesIndividualAllocation        = false                                  {pd product} {ergonomic}

Logging:
Log output configuration:
 #0: stdout all=warning uptime,level,tags
 #1: stderr all=off uptime,level,tags

Environment Variables:
JAVA_HOME=C:\Program Files\Java\jdk-15.0.2\bin
PATH=C:\Program Files\Git\mingw64\libexec\git-core;C:\Program Files\Git\mingw64\libexec\git-core;C:\Program Files\Git\mingw64\bin;C:\Program Files\Git\usr\bin;C:\Users\zaki1\bin;C:\Program Files\Broadcom\Broadcom 802.11 Network Adapter\Driver;C:\Program Files\Common Files\Oracle\Java\javapath;C:\Windows\system32;C:\Windows;C:\Windows\System32\Wbem;C:\Windows\System32\WindowsPowerShell\v1.0;C:\Program Files\Java\jdk-15.0.2\bin;C:\Program Files\nodejs;E:\Zaki\Private\Android\Sdk\platform-tools;C:\Program Files\Git\cmd;C:\Program Files\IBM\Cloud\bin;E:\Zaki\KotlinCompiler\kotlinc\bin;C:\Program Files\PuTTY;C:\Users\zaki1\AppData\Roaming\npm;C:\Users\zaki1\AppData\Local\Programs\Microsoft VS Code\bin;C:\Program Files\IBM\Cloud\bin
USERNAME=zaki1
DISPLAY=:0.0
LC_ALL=en_US.UTF-8
OS=Windows_NT
PROCESSOR_IDENTIFIER=Intel64 Family 6 Model 37 Stepping 5, GenuineIntel



---------------  S Y S T E M  ---------------

OS: Windows 8.1 , 64 bit Build 9600 (6.3.9600.17031)
OS uptime: 0 days 14:39 hours

CPU:total 4 (initial active 4) (2 cores per cpu, 2 threads per core) family 6 model 37 stepping 5 microcode 0x2, cmov, cx8, fxsr, mmx, sse, sse2, sse3, ssse3, sse4.1, sse4.2, popcnt, ht, tsc, tscinvbit

Memory: 4k page, system-wide physical 7862M (840M free)
TotalPageFile size 7862M (AvailPageFile size 28M)
current process WorkingSet (physical memory assigned to process): 8M, peak: 8M
current process commit charge ("private bytes"): 51M, peak: 175M

vm_info: OpenJDK 64-Bit Server VM (11.0.11+9-b60-7590822) for windows-amd64 JRE (11.0.11+9-b60-7590822), built on Jul 29 2021 21:43:44 by "builder" with MS VC++ 14.0 (VS2015)

END.
