#
# There is insufficient memory for the Java Runtime Environment to continue.
# Native memory allocation (mmap) failed to map 31457280 bytes for Failed to commit area from 0x000000008e700000 to 0x0000000090500000 of length 31457280.
# Possible reasons:
#   The system is out of physical RAM or swap space
#   The process is running with CompressedOops enabled, and the Java Heap may be blocking the growth of the native heap
# Possible solutions:
#   Reduce memory load on the system
#   Increase physical memory or swap space
#   Check if swap backing store is full
#   Decrease Java heap size (-Xmx/-Xms)
#   Decrease number of Java threads
#   Decrease Java thread stack sizes (-Xss)
#   Set larger code cache with -XX:ReservedCodeCacheSize=
#   JVM is running with Unscaled Compressed Oops mode in which the Java heap is
#     placed in the first 4GB address space. The Java Heap base address is the
#     maximum limit for the native heap growth. Please use -XX:HeapBaseMinAddress
#     to set the Java Heap base and to place the Java Heap above 4GB virtual address.
# This output file may be truncated or incomplete.
#
#  Out of Memory Error (./src/hotspot/os/windows/os_windows.cpp:3301), pid=4460, tid=2804
#
# JRE version: OpenJDK Runtime Environment (11.0.11+9) (build 11.0.11+9-b60-7590822)
# Java VM: OpenJDK 64-Bit Server VM (11.0.11+9-b60-7590822, mixed mode, tiered, compressed oops, g1 gc, windows-amd64)
# No core dump will be written. Minidumps are not enabled by default on client versions of Windows
#

---------------  S U M M A R Y ------------

Command Line: org.jetbrains.kotlin.cli.jvm.K2JVMCompiler @E:\Zaki\AndroidStudioProjects\MyAssignment2\app\build\20220511_13302625249440077156.compiler.options

Host: Intel(R) Core(TM) i3 CPU       M 370  @ 2.40GHz, 4 cores, 7G,  Windows 8.1 , 64 bit Build 9600 (6.3.9600.17031)
Time: Wed May 11 01:22:32 2022 India Standard Time elapsed time: 28.133943 seconds (0d 0h 0m 28s)

---------------  T H R E A D  ---------------

Current thread (0x000000cd6b852000):  VMThread "VM Thread" [stack: 0x000000cd6c680000,0x000000cd6c780000] [id=2804]

Stack: [0x000000cd6c680000,0x000000cd6c780000]
[error occurred during error reporting (printing stack bounds), id 0xc0000005, EXCEPTION_ACCESS_VIOLATION (0xc0000005) at pc=0x000000cd55710f3d]

Native frames: (J=compiled Java code, j=interpreted, Vv=VM code, C=native code)
V  [jvm.dll+0x5f214a]
V  [jvm.dll+0x726fb5]
V  [jvm.dll+0x7285cd]
V  [jvm.dll+0x728be5]
V  [jvm.dll+0x728b9b]
V  [jvm.dll+0x5f14e8]
V  [jvm.dll+0x5f1c78]
C  [ntdll.dll+0x93f0d]
C  [ntdll.dll+0x54887]
C  [ntdll.dll+0x9309a]
C  0x000000cd55710f3d

VM_Operation (0x000000cd4fc5d020): G1CollectForAllocation, mode: safepoint, requested by thread 0x000000cd51c47000


---------------  P R O C E S S  ---------------

Threads class SMR info:
_java_thread_list=0x000000cd6e675e50, length=11, elements={
0x000000cd51c47000, 0x000000cd6b853000, 0x000000cd6b87a800, 0x000000cd6c295800,
0x000000cd6c296800, 0x000000cd6c297800, 0x000000cd6c29a800, 0x000000cd6c2e8000,
0x000000cd6c31d800, 0x000000cd6c44b000, 0x000000cd6c46f000
}

Java Threads: ( => current thread )
  0x000000cd51c47000 JavaThread "main" [_thread_blocked, id=2572, stack(0x000000cd4fb60000,0x000000cd4fc60000)]
  0x000000cd6b853000 JavaThread "Reference Handler" daemon [_thread_blocked, id=3504, stack(0x000000cd6c780000,0x000000cd6c880000)]
  0x000000cd6b87a800 JavaThread "Finalizer" daemon [_thread_blocked, id=4636, stack(0x000000cd6c880000,0x000000cd6c980000)]
  0x000000cd6c295800 JavaThread "Signal Dispatcher" daemon [_thread_blocked, id=4840, stack(0x000000cd6c980000,0x000000cd6ca80000)]
  0x000000cd6c296800 JavaThread "Attach Listener" daemon [_thread_blocked, id=3692, stack(0x000000cd6ca80000,0x000000cd6cb80000)]
  0x000000cd6c297800 JavaThread "Service Thread" daemon [_thread_blocked, id=3712, stack(0x000000cd6cb80000,0x000000cd6cc80000)]
  0x000000cd6c29a800 JavaThread "C2 CompilerThread0" daemon [_thread_blocked, id=3452, stack(0x000000cd6cc80000,0x000000cd6cd80000)]
  0x000000cd6c2e8000 JavaThread "C1 CompilerThread0" daemon [_thread_blocked, id=4384, stack(0x000000cd6cd80000,0x000000cd6ce80000)]
  0x000000cd6c31d800 JavaThread "Sweeper thread" daemon [_thread_blocked, id=3328, stack(0x000000cd6ce80000,0x000000cd6cf80000)]
  0x000000cd6c44b000 JavaThread "Common-Cleaner" daemon [_thread_blocked, id=3940, stack(0x000000cd6d080000,0x000000cd6d180000)]
  0x000000cd6c46f000 JavaThread "C2 CompilerThread1" daemon [_thread_blocked, id=4236, stack(0x000000cd6fb30000,0x000000cd6fc30000)]

Other Threads:
=>0x000000cd6b852000 VMThread "VM Thread" [stack: 0x000000cd6c680000,0x000000cd6c780000] [id=2804]
  0x000000cd6c43e800 WatcherThread [stack: 0x000000cd6cf80000,0x000000cd6d080000] [id=608]
  0x000000cd51c60000 GCTaskThread "GC Thread#0" [stack: 0x000000cd515d0000,0x000000cd516d0000] [id=2876]
  0x000000cd6c440800 GCTaskThread "GC Thread#1" [stack: 0x000000cd6d180000,0x000000cd6d280000] [id=4328]
  0x000000cd6ea98800 GCTaskThread "GC Thread#2" [stack: 0x000000cd72e30000,0x000000cd72f30000] [id=4116]
  0x000000cd51c8e800 ConcurrentGCThread "G1 Main Marker" [stack: 0x000000cd69030000,0x000000cd69130000] [id=3936]
  0x000000cd51c90000 ConcurrentGCThread "G1 Conc#0" [stack: 0x000000cd69130000,0x000000cd69230000] [id=176]
  0x000000cd6b6a3800 ConcurrentGCThread "G1 Refine#0" [stack: 0x000000cd6b880000,0x000000cd6b980000] [id=1768]
  0x000000cd6b6a4000 ConcurrentGCThread "G1 Young RemSet Sampling" [stack: 0x000000cd6b980000,0x000000cd6ba80000] [id=4748]

Threads with active compile tasks:
C2 CompilerThread1  28142 9781   !   4       jdk.internal.loader.BuiltinClassLoader::loadClassOrNull (143 bytes)

VM state:at safepoint (normal execution)

VM Mutex/Monitor currently owned by a thread:  ([mutex/lock_event])
[0x000000cd51c442a0] Threads_lock - owner thread: 0x000000cd6b852000
[0x000000cd51c440f0] Heap_lock - owner thread: 0x000000cd51c47000

Heap address: 0x0000000085200000, size: 1966 MB, Compressed Oops mode: 32-bit
Narrow klass base: 0x0000000000000000, Narrow klass shift: 3
Compressed class space size: 1073741824 Address: 0x0000000100000000

Heap:
 garbage-first heap   total 183296K, used 59904K [0x0000000085200000, 0x0000000100000000)
  region size 1024K, 7 young (7168K), 7 survivors (7168K)
 Metaspace       used 66638K, capacity 67459K, committed 67632K, reserved 1110016K
  class space    used 7402K, capacity 7729K, committed 7808K, reserved 1048576K
Heap Regions: E=young(eden), S=young(survivor), O=old, HS=humongous(starts), HC=humongous(continues), CS=collection set, F=free, A=archive, TAMS=top-at-mark-start (previous, next)
|   0|0x0000000085200000, 0x0000000085300000, 0x0000000085300000|100%|HS|  |TAMS 0x0000000085300000, 0x0000000085200000| Complete 
|   1|0x0000000085300000, 0x0000000085400000, 0x0000000085400000|100%|HC|  |TAMS 0x0000000085400000, 0x0000000085300000| Complete 
|   2|0x0000000085400000, 0x0000000085500000, 0x0000000085500000|100%|HC|  |TAMS 0x0000000085500000, 0x0000000085400000| Complete 
|   3|0x0000000085500000, 0x0000000085600000, 0x0000000085600000|100%| O|  |TAMS 0x0000000085600000, 0x0000000085500000| Untracked 
|   4|0x0000000085600000, 0x0000000085700000, 0x0000000085700000|100%| O|  |TAMS 0x0000000085700000, 0x0000000085600000| Untracked 
|   5|0x0000000085700000, 0x0000000085800000, 0x0000000085800000|100%|HS|  |TAMS 0x0000000085800000, 0x0000000085700000| Complete 
|   6|0x0000000085800000, 0x0000000085900000, 0x0000000085900000|100%|HC|  |TAMS 0x0000000085900000, 0x0000000085800000| Complete 
|   7|0x0000000085900000, 0x0000000085a00000, 0x0000000085a00000|100%|HC|  |TAMS 0x0000000085a00000, 0x0000000085900000| Complete 
|   8|0x0000000085a00000, 0x0000000085b00000, 0x0000000085b00000|100%|HS|  |TAMS 0x0000000085a00000, 0x0000000085a00000| Complete 
|   9|0x0000000085b00000, 0x0000000085c00000, 0x0000000085c00000|100%|HC|  |TAMS 0x0000000085b00000, 0x0000000085b00000| Complete 
|  10|0x0000000085c00000, 0x0000000085d00000, 0x0000000085d00000|100%| O|  |TAMS 0x0000000085d00000, 0x0000000085c00000| Untracked 
|  11|0x0000000085d00000, 0x0000000085e00000, 0x0000000085e00000|100%| O|  |TAMS 0x0000000085e00000, 0x0000000085d00000| Untracked 
|  12|0x0000000085e00000, 0x0000000085f00000, 0x0000000085f00000|100%| O|  |TAMS 0x0000000085f00000, 0x0000000085e00000| Untracked 
|  13|0x0000000085f00000, 0x0000000086000000, 0x0000000086000000|100%| O|  |TAMS 0x0000000086000000, 0x0000000085f00000| Untracked 
|  14|0x0000000086000000, 0x0000000086100000, 0x0000000086100000|100%| O|  |TAMS 0x0000000086100000, 0x0000000086000000| Untracked 
|  15|0x0000000086100000, 0x0000000086200000, 0x0000000086200000|100%| O|  |TAMS 0x0000000086200000, 0x0000000086100000| Untracked 
|  16|0x0000000086200000, 0x0000000086300000, 0x0000000086300000|100%| O|  |TAMS 0x0000000086300000, 0x0000000086200000| Untracked 
|  17|0x0000000086300000, 0x0000000086400000, 0x0000000086400000|100%| O|  |TAMS 0x0000000086400000, 0x0000000086300000| Untracked 
|  18|0x0000000086400000, 0x0000000086500000, 0x0000000086500000|100%| O|  |TAMS 0x0000000086500000, 0x0000000086400000| Untracked 
|  19|0x0000000086500000, 0x0000000086600000, 0x0000000086600000|100%| O|  |TAMS 0x0000000086600000, 0x0000000086500000| Untracked 
|  20|0x0000000086600000, 0x0000000086700000, 0x0000000086700000|100%| O|  |TAMS 0x0000000086600000, 0x0000000086600000| Untracked 
|  21|0x0000000086700000, 0x0000000086800000, 0x0000000086800000|100%| O|  |TAMS 0x0000000086700000, 0x0000000086700000| Untracked 
|  22|0x0000000086800000, 0x0000000086900000, 0x0000000086900000|100%| O|  |TAMS 0x0000000086800000, 0x0000000086800000| Untracked 
|  23|0x0000000086900000, 0x0000000086a00000, 0x0000000086a00000|100%| O|  |TAMS 0x0000000086900000, 0x0000000086900000| Untracked 
|  24|0x0000000086a00000, 0x0000000086b00000, 0x0000000086b00000|100%| O|  |TAMS 0x0000000086a00000, 0x0000000086a00000| Untracked 
|  25|0x0000000086b00000, 0x0000000086c00000, 0x0000000086c00000|100%| O|  |TAMS 0x0000000086b00000, 0x0000000086b00000| Untracked 
|  26|0x0000000086c00000, 0x0000000086d00000, 0x0000000086d00000|100%| O|  |TAMS 0x0000000086c00000, 0x0000000086c00000| Untracked 
|  27|0x0000000086d00000, 0x0000000086e00000, 0x0000000086e00000|100%| O|  |TAMS 0x0000000086d00000, 0x0000000086d00000| Untracked 
|  28|0x0000000086e00000, 0x0000000086f00000, 0x0000000086f00000|100%| O|  |TAMS 0x0000000086e00000, 0x0000000086e00000| Untracked 
|  29|0x0000000086f00000, 0x0000000087000000, 0x0000000087000000|100%| O|  |TAMS 0x0000000086f00000, 0x0000000086f00000| Untracked 
|  30|0x0000000087000000, 0x0000000087100000, 0x0000000087100000|100%| O|  |TAMS 0x0000000087000000, 0x0000000087000000| Untracked 
|  31|0x0000000087100000, 0x0000000087200000, 0x0000000087200000|100%| O|  |TAMS 0x0000000087100000, 0x0000000087100000| Untracked 
|  32|0x0000000087200000, 0x0000000087300000, 0x0000000087300000|100%| O|  |TAMS 0x0000000087200000, 0x0000000087200000| Untracked 
|  33|0x0000000087300000, 0x0000000087400000, 0x0000000087400000|100%| O|  |TAMS 0x0000000087300000, 0x0000000087300000| Untracked 
|  34|0x0000000087400000, 0x0000000087500000, 0x0000000087500000|100%| O|  |TAMS 0x0000000087400000, 0x0000000087400000| Untracked 
|  35|0x0000000087500000, 0x0000000087600000, 0x0000000087600000|100%| O|  |TAMS 0x0000000087500000, 0x0000000087500000| Untracked 
|  36|0x0000000087600000, 0x0000000087700000, 0x0000000087700000|100%| O|  |TAMS 0x0000000087600000, 0x0000000087600000| Untracked 
|  37|0x0000000087700000, 0x0000000087800000, 0x0000000087800000|100%| O|  |TAMS 0x0000000087700000, 0x0000000087700000| Untracked 
|  38|0x0000000087800000, 0x0000000087900000, 0x0000000087900000|100%| O|  |TAMS 0x0000000087800000, 0x0000000087800000| Untracked 
|  39|0x0000000087900000, 0x0000000087a00000, 0x0000000087a00000|100%| O|  |TAMS 0x0000000087900000, 0x0000000087900000| Untracked 
|  40|0x0000000087a00000, 0x0000000087b00000, 0x0000000087b00000|100%| O|  |TAMS 0x0000000087a00000, 0x0000000087a00000| Untracked 
|  41|0x0000000087b00000, 0x0000000087c00000, 0x0000000087c00000|100%| O|  |TAMS 0x0000000087b00000, 0x0000000087b00000| Untracked 
|  42|0x0000000087c00000, 0x0000000087d00000, 0x0000000087d00000|100%| O|  |TAMS 0x0000000087c00000, 0x0000000087c00000| Untracked 
|  43|0x0000000087d00000, 0x0000000087e00000, 0x0000000087e00000|100%| O|  |TAMS 0x0000000087d00000, 0x0000000087d00000| Untracked 
|  44|0x0000000087e00000, 0x0000000087f00000, 0x0000000087f00000|100%| O|  |TAMS 0x0000000087e00000, 0x0000000087e00000| Untracked 
|  45|0x0000000087f00000, 0x0000000088000000, 0x0000000088000000|100%| O|  |TAMS 0x0000000087f00000, 0x0000000087f00000| Untracked 
|  46|0x0000000088000000, 0x0000000088100000, 0x0000000088100000|100%| O|  |TAMS 0x0000000088000000, 0x0000000088000000| Untracked 
|  47|0x0000000088100000, 0x0000000088200000, 0x0000000088200000|100%| O|  |TAMS 0x0000000088100000, 0x0000000088100000| Untracked 
|  48|0x0000000088200000, 0x0000000088300000, 0x0000000088300000|100%| O|  |TAMS 0x0000000088200000, 0x0000000088200000| Untracked 
|  49|0x0000000088300000, 0x0000000088400000, 0x0000000088400000|100%| O|  |TAMS 0x0000000088300000, 0x0000000088300000| Untracked 
|  50|0x0000000088400000, 0x0000000088500000, 0x0000000088500000|100%| O|  |TAMS 0x0000000088400000, 0x0000000088400000| Untracked 
|  51|0x0000000088500000, 0x0000000088600000, 0x0000000088600000|100%| O|  |TAMS 0x0000000088500000, 0x0000000088500000| Untracked 
|  52|0x0000000088600000, 0x0000000088600000, 0x0000000088700000|  0%| F|  |TAMS 0x0000000088600000, 0x0000000088600000| Untracked 
|  53|0x0000000088700000, 0x0000000088700000, 0x0000000088800000|  0%| F|  |TAMS 0x0000000088700000, 0x0000000088700000| Untracked 
|  54|0x0000000088800000, 0x0000000088800000, 0x0000000088900000|  0%| F|  |TAMS 0x0000000088800000, 0x0000000088800000| Untracked 
|  55|0x0000000088900000, 0x0000000088900000, 0x0000000088a00000|  0%| F|  |TAMS 0x0000000088900000, 0x0000000088900000| Untracked 
|  56|0x0000000088a00000, 0x0000000088a00000, 0x0000000088b00000|  0%| F|  |TAMS 0x0000000088a00000, 0x0000000088a00000| Untracked 
|  57|0x0000000088b00000, 0x0000000088b00000, 0x0000000088c00000|  0%| F|  |TAMS 0x0000000088b00000, 0x0000000088b00000| Untracked 
|  58|0x0000000088c00000, 0x0000000088c00000, 0x0000000088d00000|  0%| F|  |TAMS 0x0000000088c00000, 0x0000000088c00000| Untracked 
|  59|0x0000000088d00000, 0x0000000088d00000, 0x0000000088e00000|  0%| F|  |TAMS 0x0000000088d00000, 0x0000000088d00000| Untracked 
|  60|0x0000000088e00000, 0x0000000088e00000, 0x0000000088f00000|  0%| F|  |TAMS 0x0000000088e00000, 0x0000000088e00000| Untracked 
|  61|0x0000000088f00000, 0x0000000088f00000, 0x0000000089000000|  0%| F|  |TAMS 0x0000000088f00000, 0x0000000088f00000| Untracked 
|  62|0x0000000089000000, 0x0000000089000000, 0x0000000089100000|  0%| F|  |TAMS 0x0000000089000000, 0x0000000089000000| Untracked 
|  63|0x0000000089100000, 0x0000000089100000, 0x0000000089200000|  0%| F|  |TAMS 0x0000000089100000, 0x0000000089100000| Untracked 
|  64|0x0000000089200000, 0x0000000089200000, 0x0000000089300000|  0%| F|  |TAMS 0x0000000089200000, 0x0000000089200000| Untracked 
|  65|0x0000000089300000, 0x0000000089300000, 0x0000000089400000|  0%| F|  |TAMS 0x0000000089300000, 0x0000000089300000| Untracked 
|  66|0x0000000089400000, 0x0000000089400000, 0x0000000089500000|  0%| F|  |TAMS 0x0000000089400000, 0x0000000089400000| Untracked 
|  67|0x0000000089500000, 0x0000000089500000, 0x0000000089600000|  0%| F|  |TAMS 0x0000000089500000, 0x0000000089500000| Untracked 
|  68|0x0000000089600000, 0x0000000089600000, 0x0000000089700000|  0%| F|  |TAMS 0x0000000089600000, 0x0000000089600000| Untracked 
|  69|0x0000000089700000, 0x0000000089700000, 0x0000000089800000|  0%| F|  |TAMS 0x0000000089700000, 0x0000000089700000| Untracked 
|  70|0x0000000089800000, 0x0000000089800000, 0x0000000089900000|  0%| F|  |TAMS 0x0000000089800000, 0x0000000089800000| Untracked 
|  71|0x0000000089900000, 0x0000000089900000, 0x0000000089a00000|  0%| F|  |TAMS 0x0000000089900000, 0x0000000089900000| Untracked 
|  72|0x0000000089a00000, 0x0000000089a00000, 0x0000000089b00000|  0%| F|  |TAMS 0x0000000089a00000, 0x0000000089a00000| Untracked 
|  73|0x0000000089b00000, 0x0000000089b00000, 0x0000000089c00000|  0%| F|  |TAMS 0x0000000089b00000, 0x0000000089b00000| Untracked 
|  74|0x0000000089c00000, 0x0000000089c00000, 0x0000000089d00000|  0%| F|  |TAMS 0x0000000089c00000, 0x0000000089c00000| Untracked 
|  75|0x0000000089d00000, 0x0000000089d80000, 0x0000000089e00000| 50%| S|CS|TAMS 0x0000000089d00000, 0x0000000089d00000| Complete 
|  76|0x0000000089e00000, 0x0000000089f00000, 0x0000000089f00000|100%| S|CS|TAMS 0x0000000089e00000, 0x0000000089e00000| Complete 
|  77|0x0000000089f00000, 0x0000000089f00000, 0x000000008a000000|  0%| F|  |TAMS 0x0000000089f00000, 0x0000000089f00000| Untracked 
|  78|0x000000008a000000, 0x000000008a000000, 0x000000008a100000|  0%| F|  |TAMS 0x000000008a000000, 0x000000008a000000| Untracked 
|  79|0x000000008a100000, 0x000000008a100000, 0x000000008a200000|  0%| F|  |TAMS 0x000000008a100000, 0x000000008a100000| Untracked 
|  80|0x000000008a200000, 0x000000008a200000, 0x000000008a300000|  0%| F|  |TAMS 0x000000008a200000, 0x000000008a200000| Untracked 
|  81|0x000000008a300000, 0x000000008a300000, 0x000000008a400000|  0%| F|  |TAMS 0x000000008a300000, 0x000000008a300000| Untracked 
|  82|0x000000008a400000, 0x000000008a400000, 0x000000008a500000|  0%| F|  |TAMS 0x000000008a400000, 0x000000008a400000| Untracked 
|  83|0x000000008a500000, 0x000000008a500000, 0x000000008a600000|  0%| F|  |TAMS 0x000000008a500000, 0x000000008a500000| Untracked 
|  84|0x000000008a600000, 0x000000008a600000, 0x000000008a700000|  0%| F|  |TAMS 0x000000008a600000, 0x000000008a600000| Untracked 
|  85|0x000000008a700000, 0x000000008a800000, 0x000000008a800000|100%| S|CS|TAMS 0x000000008a700000, 0x000000008a700000| Complete 
|  86|0x000000008a800000, 0x000000008a900000, 0x000000008a900000|100%| S|CS|TAMS 0x000000008a800000, 0x000000008a800000| Complete 
|  87|0x000000008a900000, 0x000000008aa00000, 0x000000008aa00000|100%| S|CS|TAMS 0x000000008a900000, 0x000000008a900000| Complete 
|  88|0x000000008aa00000, 0x000000008ab00000, 0x000000008ab00000|100%| S|CS|TAMS 0x000000008aa00000, 0x000000008aa00000| Complete 
|  89|0x000000008ab00000, 0x000000008ac00000, 0x000000008ac00000|100%| S|CS|TAMS 0x000000008ab00000, 0x000000008ab00000| Complete 
|  90|0x000000008ac00000, 0x000000008ac00000, 0x000000008ad00000|  0%| F|  |TAMS 0x000000008ac00000, 0x000000008ac00000| Untracked 
|  91|0x000000008ad00000, 0x000000008ad00000, 0x000000008ae00000|  0%| F|  |TAMS 0x000000008ad00000, 0x000000008ad00000| Untracked 
|  92|0x000000008ae00000, 0x000000008ae00000, 0x000000008af00000|  0%| F|  |TAMS 0x000000008ae00000, 0x000000008ae00000| Untracked 
|  93|0x000000008af00000, 0x000000008af00000, 0x000000008b000000|  0%| F|  |TAMS 0x000000008af00000, 0x000000008af00000| Untracked 
|  94|0x000000008b000000, 0x000000008b000000, 0x000000008b100000|  0%| F|  |TAMS 0x000000008b000000, 0x000000008b000000| Untracked 
|  95|0x000000008b100000, 0x000000008b100000, 0x000000008b200000|  0%| F|  |TAMS 0x000000008b100000, 0x000000008b100000| Untracked 
|  96|0x000000008b200000, 0x000000008b200000, 0x000000008b300000|  0%| F|  |TAMS 0x000000008b200000, 0x000000008b200000| Untracked 
|  97|0x000000008b300000, 0x000000008b300000, 0x000000008b400000|  0%| F|  |TAMS 0x000000008b300000, 0x000000008b300000| Untracked 
|  98|0x000000008b400000, 0x000000008b400000, 0x000000008b500000|  0%| F|  |TAMS 0x000000008b400000, 0x000000008b400000| Untracked 
|  99|0x000000008b500000, 0x000000008b500000, 0x000000008b600000|  0%| F|  |TAMS 0x000000008b500000, 0x000000008b500000| Untracked 
| 100|0x000000008b600000, 0x000000008b600000, 0x000000008b700000|  0%| F|  |TAMS 0x000000008b600000, 0x000000008b600000| Untracked 
| 101|0x000000008b700000, 0x000000008b700000, 0x000000008b800000|  0%| F|  |TAMS 0x000000008b700000, 0x000000008b700000| Untracked 
| 102|0x000000008b800000, 0x000000008b800000, 0x000000008b900000|  0%| F|  |TAMS 0x000000008b800000, 0x000000008b800000| Untracked 
| 103|0x000000008b900000, 0x000000008b900000, 0x000000008ba00000|  0%| F|  |TAMS 0x000000008b900000, 0x000000008b900000| Untracked 
| 104|0x000000008ba00000, 0x000000008ba00000, 0x000000008bb00000|  0%| F|  |TAMS 0x000000008ba00000, 0x000000008ba00000| Untracked 
| 105|0x000000008bb00000, 0x000000008bb00000, 0x000000008bc00000|  0%| F|  |TAMS 0x000000008bb00000, 0x000000008bb00000| Untracked 
| 106|0x000000008bc00000, 0x000000008bc00000, 0x000000008bd00000|  0%| F|  |TAMS 0x000000008bc00000, 0x000000008bc00000| Untracked 
| 107|0x000000008bd00000, 0x000000008bd00000, 0x000000008be00000|  0%| F|  |TAMS 0x000000008bd00000, 0x000000008bd00000| Untracked 
| 108|0x000000008be00000, 0x000000008be00000, 0x000000008bf00000|  0%| F|  |TAMS 0x000000008be00000, 0x000000008be00000| Untracked 
| 109|0x000000008bf00000, 0x000000008bf00000, 0x000000008c000000|  0%| F|  |TAMS 0x000000008bf00000, 0x000000008bf00000| Untracked 
| 110|0x000000008c000000, 0x000000008c000000, 0x000000008c100000|  0%| F|  |TAMS 0x000000008c000000, 0x000000008c000000| Untracked 
| 111|0x000000008c100000, 0x000000008c100000, 0x000000008c200000|  0%| F|  |TAMS 0x000000008c100000, 0x000000008c100000| Untracked 
| 112|0x000000008c200000, 0x000000008c200000, 0x000000008c300000|  0%| F|  |TAMS 0x000000008c200000, 0x000000008c200000| Untracked 
| 113|0x000000008c300000, 0x000000008c300000, 0x000000008c400000|  0%| F|  |TAMS 0x000000008c300000, 0x000000008c300000| Untracked 
| 114|0x000000008c400000, 0x000000008c400000, 0x000000008c500000|  0%| F|  |TAMS 0x000000008c400000, 0x000000008c400000| Untracked 
| 115|0x000000008c500000, 0x000000008c500000, 0x000000008c600000|  0%| F|  |TAMS 0x000000008c500000, 0x000000008c500000| Untracked 
| 116|0x000000008c600000, 0x000000008c600000, 0x000000008c700000|  0%| F|  |TAMS 0x000000008c600000, 0x000000008c600000| Untracked 
| 117|0x000000008c700000, 0x000000008c700000, 0x000000008c800000|  0%| F|  |TAMS 0x000000008c700000, 0x000000008c700000| Untracked 
| 118|0x000000008c800000, 0x000000008c800000, 0x000000008c900000|  0%| F|  |TAMS 0x000000008c800000, 0x000000008c800000| Untracked 
| 119|0x000000008c900000, 0x000000008c900000, 0x000000008ca00000|  0%| F|  |TAMS 0x000000008c900000, 0x000000008c900000| Untracked 
| 120|0x000000008ca00000, 0x000000008ca00000, 0x000000008cb00000|  0%| F|  |TAMS 0x000000008ca00000, 0x000000008ca00000| Untracked 
| 121|0x000000008cb00000, 0x000000008cb00000, 0x000000008cc00000|  0%| F|  |TAMS 0x000000008cb00000, 0x000000008cb00000| Untracked 
| 122|0x000000008cc00000, 0x000000008cc00000, 0x000000008cd00000|  0%| F|  |TAMS 0x000000008cc00000, 0x000000008cc00000| Untracked 
| 123|0x000000008cd00000, 0x000000008cd00000, 0x000000008ce00000|  0%| F|  |TAMS 0x000000008cd00000, 0x000000008cd00000| Untracked 
| 124|0x000000008ce00000, 0x000000008ce00000, 0x000000008cf00000|  0%| F|  |TAMS 0x000000008ce00000, 0x000000008ce00000| Untracked 
| 125|0x000000008cf00000, 0x000000008cf00000, 0x000000008d000000|  0%| F|  |TAMS 0x000000008cf00000, 0x000000008cf00000| Untracked 
| 126|0x000000008d000000, 0x000000008d000000, 0x000000008d100000|  0%| F|  |TAMS 0x000000008d000000, 0x000000008d000000| Untracked 
| 127|0x000000008d100000, 0x000000008d100000, 0x000000008d200000|  0%| F|  |TAMS 0x000000008d100000, 0x000000008d100000| Untracked 
| 128|0x000000008d200000, 0x000000008d200000, 0x000000008d300000|  0%| F|  |TAMS 0x000000008d200000, 0x000000008d200000| Untracked 
| 129|0x000000008d300000, 0x000000008d300000, 0x000000008d400000|  0%| F|  |TAMS 0x000000008d300000, 0x000000008d300000| Untracked 
| 130|0x000000008d400000, 0x000000008d400000, 0x000000008d500000|  0%| F|  |TAMS 0x000000008d400000, 0x000000008d400000| Untracked 
| 131|0x000000008d500000, 0x000000008d500000, 0x000000008d600000|  0%| F|  |TAMS 0x000000008d500000, 0x000000008d500000| Untracked 
| 132|0x000000008d600000, 0x000000008d600000, 0x000000008d700000|  0%| F|  |TAMS 0x000000008d600000, 0x000000008d600000| Untracked 
| 133|0x000000008d700000, 0x000000008d700000, 0x000000008d800000|  0%| F|  |TAMS 0x000000008d700000, 0x000000008d700000| Untracked 
| 134|0x000000008d800000, 0x000000008d800000, 0x000000008d900000|  0%| F|  |TAMS 0x000000008d800000, 0x000000008d800000| Untracked 
| 135|0x000000008d900000, 0x000000008d900000, 0x000000008da00000|  0%| F|  |TAMS 0x000000008d900000, 0x000000008d900000| Untracked 
| 136|0x000000008da00000, 0x000000008da00000, 0x000000008db00000|  0%| F|  |TAMS 0x000000008da00000, 0x000000008da00000| Untracked 
| 137|0x000000008db00000, 0x000000008db00000, 0x000000008dc00000|  0%| F|  |TAMS 0x000000008db00000, 0x000000008db00000| Untracked 
| 138|0x000000008dc00000, 0x000000008dc00000, 0x000000008dd00000|  0%| F|  |TAMS 0x000000008dc00000, 0x000000008dc00000| Untracked 
| 139|0x000000008dd00000, 0x000000008dd00000, 0x000000008de00000|  0%| F|  |TAMS 0x000000008dd00000, 0x000000008dd00000| Untracked 
| 140|0x000000008de00000, 0x000000008de00000, 0x000000008df00000|  0%| F|  |TAMS 0x000000008de00000, 0x000000008de00000| Untracked 
| 141|0x000000008df00000, 0x000000008df00000, 0x000000008e000000|  0%| F|  |TAMS 0x000000008df00000, 0x000000008df00000| Untracked 
| 142|0x000000008e000000, 0x000000008e000000, 0x000000008e100000|  0%| F|  |TAMS 0x000000008e000000, 0x000000008e000000| Untracked 
| 143|0x000000008e100000, 0x000000008e100000, 0x000000008e200000|  0%| F|  |TAMS 0x000000008e100000, 0x000000008e100000| Untracked 
| 144|0x000000008e200000, 0x000000008e200000, 0x000000008e300000|  0%| F|  |TAMS 0x000000008e200000, 0x000000008e200000| Untracked 
| 145|0x000000008e300000, 0x000000008e300000, 0x000000008e400000|  0%| F|  |TAMS 0x000000008e300000, 0x000000008e300000| Untracked 
| 146|0x000000008e400000, 0x000000008e400000, 0x000000008e500000|  0%| F|  |TAMS 0x000000008e400000, 0x000000008e400000| Untracked 
| 147|0x000000008e500000, 0x000000008e500000, 0x000000008e600000|  0%| F|  |TAMS 0x000000008e500000, 0x000000008e500000| Untracked 
| 148|0x000000008e600000, 0x000000008e600000, 0x000000008e700000|  0%| F|  |TAMS 0x000000008e600000, 0x000000008e600000| Untracked 

Card table byte_map: [0x000000cd64af0000,0x000000cd64ed0000] _byte_map_base: 0x000000cd646c7000

Marking Bits (Prev, Next): (CMBitMap*) 0x000000cd51c86290, (CMBitMap*) 0x000000cd51c86258
 Prev Bits: [0x000000cd67170000, 0x000000cd69028000)
 Next Bits: [0x000000cd652b0000, 0x000000cd67168000)

Polling page: 0x000000cd4f9a0000

Metaspace:

Usage:
  Non-class:     58.33 MB capacity,    57.85 MB (>99%) used,   385.43 KB ( <1%) free+waste,   108.81 KB ( <1%) overhead. 
      Class:      7.55 MB capacity,     7.23 MB ( 96%) used,   279.11 KB (  4%) free+waste,    47.38 KB ( <1%) overhead. 
       Both:     65.88 MB capacity,    65.08 MB ( 99%) used,   664.54 KB ( <1%) free+waste,   156.19 KB ( <1%) overhead. 

Virtual space:
  Non-class space:       60.00 MB reserved,      58.42 MB ( 97%) committed 
      Class space:        1.00 GB reserved,       7.63 MB ( <1%) committed 
             Both:        1.06 GB reserved,      66.05 MB (  6%) committed 

Chunk freelists:
   Non-Class:  30.00 KB
       Class:  15.00 KB
        Both:  45.00 KB

MaxMetaspaceSize: 17179869184.00 GB
CompressedClassSpaceSize: 1.00 GB

CodeHeap 'non-profiled nmethods': size=120064Kb used=5076Kb max_used=5076Kb free=114987Kb
 bounds [0x000000cd5d1d0000, 0x000000cd5d6d0000, 0x000000cd64710000]
CodeHeap 'profiled nmethods': size=120000Kb used=29653Kb max_used=29653Kb free=90346Kb
 bounds [0x000000cd55ca0000, 0x000000cd579a0000, 0x000000cd5d1d0000]
CodeHeap 'non-nmethods': size=5696Kb used=1239Kb max_used=1280Kb free=4457Kb
 bounds [0x000000cd55710000, 0x000000cd55980000, 0x000000cd55ca0000]
 total_blobs=10372 nmethods=9755 adapters=527
 compilation: enabled
              stopped_count=0, restarted_count=0
 full_count=0

Compilation events (20 events):
Event: 27.965 Thread 0x000000cd6c2e8000 nmethod 9801 0x000000cd57991a90 code [0x000000cd57991c60, 0x000000cd57991fd8]
Event: 27.971 Thread 0x000000cd6c29a800 nmethod 9783 0x000000cd5d6c2510 code [0x000000cd5d6c26e0, 0x000000cd5d6c2cb8]
Event: 27.971 Thread 0x000000cd6c29a800 9785       4       org.jetbrains.kotlin.psi.KtVisitorVoid::visitKtElement (16 bytes)
Event: 27.972 Thread 0x000000cd6c29a800 nmethod 9785 0x000000cd5d6c3110 code [0x000000cd5d6c32a0, 0x000000cd5d6c3338]
Event: 27.972 Thread 0x000000cd6c29a800 9804       4       kotlin.collections.CollectionsKt___CollectionsKt::toList (107 bytes)
Event: 27.986 Thread 0x000000cd6c29a800 nmethod 9804 0x000000cd5d6c3410 code [0x000000cd5d6c3600, 0x000000cd5d6c3d18]
Event: 27.986 Thread 0x000000cd6c29a800 9788       4       org.jetbrains.kotlin.psi.KtVisitorVoid::visitKtElement (10 bytes)
Event: 27.987 Thread 0x000000cd6c29a800 nmethod 9788 0x000000cd5d6c4090 code [0x000000cd5d6c4220, 0x000000cd5d6c42d8]
Event: 27.987 Thread 0x000000cd6c29a800 9789       4       org.jetbrains.kotlin.psi.KtVisitorVoid::visitExpression (17 bytes)
Event: 27.988 Thread 0x000000cd6c29a800 nmethod 9789 0x000000cd5d6c4410 code [0x000000cd5d6c45a0, 0x000000cd5d6c4638]
Event: 27.988 Thread 0x000000cd6c29a800 9784       4       jdk.internal.loader.ClassLoaders$BootClassLoader::loadClassOrNull (11 bytes)
Event: 27.991 Thread 0x000000cd6c2e8000 9805       3       org.jetbrains.kotlin.codegen.intrinsics.IntrinsicsMap::registerIntrinsic (69 bytes)
Event: 27.993 Thread 0x000000cd6c2e8000 nmethod 9805 0x000000cd57992110 code [0x000000cd57992480, 0x000000cd57993618]
Event: 27.993 Thread 0x000000cd6c2e8000 9806       3       org.jetbrains.kotlin.codegen.intrinsics.IntrinsicsMap$Key::<init> (38 bytes)
Event: 27.994 Thread 0x000000cd6c2e8000 nmethod 9806 0x000000cd57993d10 code [0x000000cd57993fc0, 0x000000cd57994b78]
Event: 27.994 Thread 0x000000cd6c2e8000 9807       3       org.jetbrains.kotlin.codegen.intrinsics.IntrinsicMethods::declareIntrinsicFunction (39 bytes)
Event: 27.995 Thread 0x000000cd6c2e8000 nmethod 9807 0x000000cd57994f90 code [0x000000cd57995180, 0x000000cd57995438]
Event: 27.998 Thread 0x000000cd6c29a800 nmethod 9784 0x000000cd5d6c4710 code [0x000000cd5d6c48e0, 0x000000cd5d6c4c28]
Event: 28.074 Thread 0x000000cd6c2e8000 9808       1       org.jetbrains.kotlin.backend.common.serialization.signature.IdSignatureBuilder::isTopLevelPrivate (5 bytes)
Event: 28.075 Thread 0x000000cd6c2e8000 nmethod 9808 0x000000cd5d6c4f90 code [0x000000cd5d6c5140, 0x000000cd5d6c51f8]

GC Heap History (17 events):
Event: 1.112 GC heap before
{Heap before GC invocations=0 (full 0):
 garbage-first heap   total 126976K, used 17408K [0x0000000085200000, 0x0000000100000000)
  region size 1024K, 14 young (14336K), 0 survivors (0K)
 Metaspace       used 9795K, capacity 9874K, committed 10112K, reserved 1058816K
  class space    used 838K, capacity 885K, committed 896K, reserved 1048576K
}
Event: 1.122 GC heap after
{Heap after GC invocations=1 (full 0):
 garbage-first heap   total 126976K, used 5282K [0x0000000085200000, 0x0000000100000000)
  region size 1024K, 2 young (2048K), 2 survivors (2048K)
 Metaspace       used 9795K, capacity 9874K, committed 10112K, reserved 1058816K
  class space    used 838K, capacity 885K, committed 896K, reserved 1048576K
}
Event: 2.805 GC heap before
{Heap before GC invocations=1 (full 0):
 garbage-first heap   total 126976K, used 51362K [0x0000000085200000, 0x0000000100000000)
  region size 1024K, 48 young (49152K), 2 survivors (2048K)
 Metaspace       used 20919K, capacity 21152K, committed 21296K, reserved 1069056K
  class space    used 2221K, capacity 2355K, committed 2432K, reserved 1048576K
}
Event: 2.830 GC heap after
{Heap after GC invocations=2 (full 0):
 garbage-first heap   total 126976K, used 9378K [0x0000000085200000, 0x0000000100000000)
  region size 1024K, 6 young (6144K), 6 survivors (6144K)
 Metaspace       used 20919K, capacity 21152K, committed 21296K, reserved 1069056K
  class space    used 2221K, capacity 2355K, committed 2432K, reserved 1048576K
}
Event: 7.552 GC heap before
{Heap before GC invocations=3 (full 0):
 garbage-first heap   total 126976K, used 60578K [0x0000000085200000, 0x0000000100000000)
  region size 1024K, 51 young (52224K), 6 survivors (6144K)
 Metaspace       used 31088K, capacity 31571K, committed 31792K, reserved 1077248K
  class space    used 3731K, capacity 3904K, committed 3968K, reserved 1048576K
}
Event: 7.595 GC heap after
{Heap after GC invocations=4 (full 0):
 garbage-first heap   total 126976K, used 21151K [0x0000000085200000, 0x0000000100000000)
  region size 1024K, 7 young (7168K), 7 survivors (7168K)
 Metaspace       used 31088K, capacity 31571K, committed 31792K, reserved 1077248K
  class space    used 3731K, capacity 3904K, committed 3968K, reserved 1048576K
}
Event: 8.492 GC heap before
{Heap before GC invocations=4 (full 0):
 garbage-first heap   total 126976K, used 37535K [0x0000000085200000, 0x0000000100000000)
  region size 1024K, 24 young (24576K), 7 survivors (7168K)
 Metaspace       used 35219K, capacity 35683K, committed 35888K, reserved 1081344K
  class space    used 4390K, capacity 4611K, committed 4736K, reserved 1048576K
}
Event: 8.530 GC heap after
{Heap after GC invocations=5 (full 0):
 garbage-first heap   total 126976K, used 22528K [0x0000000085200000, 0x0000000100000000)
  region size 1024K, 2 young (2048K), 2 survivors (2048K)
 Metaspace       used 35219K, capacity 35683K, committed 35888K, reserved 1081344K
  class space    used 4390K, capacity 4611K, committed 4736K, reserved 1048576K
}
Event: 12.056 GC heap before
{Heap before GC invocations=6 (full 0):
 garbage-first heap   total 126976K, used 76800K [0x0000000085200000, 0x0000000100000000)
  region size 1024K, 55 young (56320K), 2 survivors (2048K)
 Metaspace       used 46068K, capacity 46597K, committed 46896K, reserved 1091584K
  class space    used 5483K, capacity 5682K, committed 5760K, reserved 1048576K
}
Event: 12.089 GC heap after
{Heap after GC invocations=7 (full 0):
 garbage-first heap   total 152576K, used 25387K [0x0000000085200000, 0x0000000100000000)
  region size 1024K, 7 young (7168K), 7 survivors (7168K)
 Metaspace       used 46068K, capacity 46597K, committed 46896K, reserved 1091584K
  class space    used 5483K, capacity 5682K, committed 5760K, reserved 1048576K
}
Event: 15.392 GC heap before
{Heap before GC invocations=8 (full 0):
 garbage-first heap   total 152576K, used 90923K [0x0000000085200000, 0x0000000100000000)
  region size 1024K, 68 young (69632K), 7 survivors (7168K)
 Metaspace       used 52354K, capacity 52958K, committed 53168K, reserved 1095680K
  class space    used 6094K, capacity 6338K, committed 6400K, reserved 1048576K
}
Event: 15.427 GC heap after
{Heap after GC invocations=9 (full 0):
 garbage-first heap   total 152576K, used 34647K [0x0000000085200000, 0x0000000100000000)
  region size 1024K, 8 young (8192K), 8 survivors (8192K)
 Metaspace       used 52354K, capacity 52958K, committed 53168K, reserved 1095680K
  class space    used 6094K, capacity 6338K, committed 6400K, reserved 1048576K
}
Event: 19.120 GC heap before
{Heap before GC invocations=9 (full 0):
 garbage-first heap   total 152576K, used 100183K [0x0000000085200000, 0x0000000100000000)
  region size 1024K, 72 young (73728K), 8 survivors (8192K)
 Metaspace       used 57624K, capacity 58331K, committed 58416K, reserved 1101824K
  class space    used 6656K, capacity 6956K, committed 7040K, reserved 1048576K
}
Event: 19.161 GC heap after
{Heap after GC invocations=10 (full 0):
 garbage-first heap   total 152576K, used 43876K [0x0000000085200000, 0x0000000100000000)
  region size 1024K, 9 young (9216K), 9 survivors (9216K)
 Metaspace       used 57624K, capacity 58331K, committed 58416K, reserved 1101824K
  class space    used 6656K, capacity 6956K, committed 7040K, reserved 1048576K
}
Event: 23.912 GC heap before
{Heap before GC invocations=10 (full 0):
 garbage-first heap   total 152576K, used 109412K [0x0000000085200000, 0x0000000100000000)
  region size 1024K, 73 young (74752K), 9 survivors (9216K)
 Metaspace       used 61458K, capacity 62263K, committed 62512K, reserved 1103872K
  class space    used 6930K, capacity 7252K, committed 7296K, reserved 1048576K
}
Event: 23.961 GC heap after
{Heap after GC invocations=11 (full 0):
 garbage-first heap   total 152576K, used 53248K [0x0000000085200000, 0x0000000100000000)
  region size 1024K, 9 young (9216K), 9 survivors (9216K)
 Metaspace       used 61458K, capacity 62263K, committed 62512K, reserved 1103872K
  class space    used 6930K, capacity 7252K, committed 7296K, reserved 1048576K
}
Event: 28.079 GC heap before
{Heap before GC invocations=11 (full 0):
 garbage-first heap   total 152576K, used 113664K [0x0000000085200000, 0x0000000100000000)
  region size 1024K, 68 young (69632K), 9 survivors (9216K)
 Metaspace       used 66638K, capacity 67459K, committed 67632K, reserved 1110016K
  class space    used 7402K, capacity 7729K, committed 7808K, reserved 1048576K
}

Deoptimization events (20 events):
Event: 27.944 Thread 0x000000cd51c47000 Uncommon trap: trap_request=0xffffffc6 fr.pc=0x000000cd5d6bc25c relative=0x000000000000009c
Event: 27.944 Thread 0x000000cd51c47000 Uncommon trap: reason=bimorphic_or_optimized_type_check action=maybe_recompile pc=0x000000cd5d6bc25c method=org.jetbrains.kotlin.psi.KtVisitor.visitKtElement(Lorg/jetbrains/kotlin/psi/KtElement;Ljava/lang/Object;)Ljava/lang/Object; @ 10 c2
Event: 27.944 Thread 0x000000cd51c47000 DEOPT PACKING pc=0x000000cd5d6bc25c sp=0x000000cd4fc5dc90
Event: 27.944 Thread 0x000000cd51c47000 DEOPT UNPACKING pc=0x000000cd55736029 sp=0x000000cd4fc5dbb8 mode 2
Event: 27.944 Thread 0x000000cd51c47000 Uncommon trap: trap_request=0xffffffc6 fr.pc=0x000000cd5d6bc25c relative=0x000000000000009c
Event: 27.944 Thread 0x000000cd51c47000 Uncommon trap: reason=bimorphic_or_optimized_type_check action=maybe_recompile pc=0x000000cd5d6bc25c method=org.jetbrains.kotlin.psi.KtVisitor.visitKtElement(Lorg/jetbrains/kotlin/psi/KtElement;Ljava/lang/Object;)Ljava/lang/Object; @ 10 c2
Event: 27.944 Thread 0x000000cd51c47000 DEOPT PACKING pc=0x000000cd5d6bc25c sp=0x000000cd4fc5d7a0
Event: 27.944 Thread 0x000000cd51c47000 DEOPT UNPACKING pc=0x000000cd55736029 sp=0x000000cd4fc5d6c8 mode 2
Event: 27.944 Thread 0x000000cd51c47000 Uncommon trap: trap_request=0xffffffc6 fr.pc=0x000000cd5d6bc25c relative=0x000000000000009c
Event: 27.944 Thread 0x000000cd51c47000 Uncommon trap: reason=bimorphic_or_optimized_type_check action=maybe_recompile pc=0x000000cd5d6bc25c method=org.jetbrains.kotlin.psi.KtVisitor.visitKtElement(Lorg/jetbrains/kotlin/psi/KtElement;Ljava/lang/Object;)Ljava/lang/Object; @ 10 c2
Event: 27.944 Thread 0x000000cd51c47000 DEOPT PACKING pc=0x000000cd5d6bc25c sp=0x000000cd4fc5d2b0
Event: 27.944 Thread 0x000000cd51c47000 DEOPT UNPACKING pc=0x000000cd55736029 sp=0x000000cd4fc5d1d8 mode 2
Event: 27.944 Thread 0x000000cd51c47000 Uncommon trap: trap_request=0xffffffc6 fr.pc=0x000000cd5d6bc25c relative=0x000000000000009c
Event: 27.944 Thread 0x000000cd51c47000 Uncommon trap: reason=bimorphic_or_optimized_type_check action=maybe_recompile pc=0x000000cd5d6bc25c method=org.jetbrains.kotlin.psi.KtVisitor.visitKtElement(Lorg/jetbrains/kotlin/psi/KtElement;Ljava/lang/Object;)Ljava/lang/Object; @ 10 c2
Event: 27.944 Thread 0x000000cd51c47000 DEOPT PACKING pc=0x000000cd5d6bc25c sp=0x000000cd4fc5cda0
Event: 27.944 Thread 0x000000cd51c47000 DEOPT UNPACKING pc=0x000000cd55736029 sp=0x000000cd4fc5ccc8 mode 2
Event: 27.966 Thread 0x000000cd51c47000 Uncommon trap: trap_request=0xffffff4d fr.pc=0x000000cd5d439dbc relative=0x00000000000004dc
Event: 27.966 Thread 0x000000cd51c47000 Uncommon trap: reason=unstable_if action=reinterpret pc=0x000000cd5d439dbc method=kotlin.LazyKt__LazyJVMKt.lazy(Lkotlin/LazyThreadSafetyMode;Lkotlin/jvm/functions/Function0;)Lkotlin/Lazy; @ 24 c2
Event: 27.966 Thread 0x000000cd51c47000 DEOPT PACKING pc=0x000000cd5d439dbc sp=0x000000cd4fc5e4a0
Event: 27.966 Thread 0x000000cd51c47000 DEOPT UNPACKING pc=0x000000cd55736029 sp=0x000000cd4fc5e450 mode 2

Classes redefined (0 events):
No events

Internal exceptions (20 events):
Event: 14.754 Thread 0x000000cd51c47000 Implicit null exception at 0x000000cd5d3a44b1 to 0x000000cd5d3a52c1
Event: 15.609 Thread 0x000000cd51c47000 Exception <a 'java/lang/NoSuchMethodError'{0x000000008e200eb8}: 'java.lang.Object java.lang.invoke.DirectMethodHandle$Holder.invokeSpecial(java.lang.Object, java.lang.Object, java.lang.Object, java.lang.Object, java.lang.Object, int)'> (0x000000008e200eb8) thrown at [./src/hotspot/share/interpreter/linkResolver.cpp, line 773]
Event: 15.609 Thread 0x000000cd51c47000 Exception <a 'java/lang/NoSuchMethodError'{0x000000008e2047b0}: 'java.lang.Object java.lang.invoke.Invokers$Holder.linkToTargetMethod(java.lang.Object, java.lang.Object, java.lang.Object, int, java.lang.Object)'> (0x000000008e2047b0) thrown at [./src/hotspot/share/interpreter/linkResolver.cpp, line 773]
Event: 15.829 Thread 0x000000cd51c47000 Implicit null exception at 0x000000cd5d3d1e55 to 0x000000cd5d3d25ac
Event: 15.829 Thread 0x000000cd51c47000 Implicit null exception at 0x000000cd5d3d3b2f to 0x000000cd5d3d3b5c
Event: 16.026 Thread 0x000000cd51c47000 Exception <a 'java/lang/NoSuchMethodError'{0x000000008de6e7c0}: 'java.lang.Object java.lang.invoke.DirectMethodHandle$Holder.invokeStaticInit(java.lang.Object, java.lang.Object, java.lang.Object)'> (0x000000008de6e7c0) thrown at [./src/hotspot/share/interpreter/linkResolver.cpp, line 773]
Event: 18.071 Thread 0x000000cd51c47000 Exception <a 'java/lang/NoSuchMethodError'{0x000000008bf06470}: 'int java.lang.invoke.DirectMethodHandle$Holder.invokeStaticInit(java.lang.Object, int)'> (0x000000008bf06470) thrown at [./src/hotspot/share/interpreter/linkResolver.cpp, line 773]
Event: 18.097 Thread 0x000000cd51c47000 Exception <a 'java/lang/NoSuchMethodError'{0x000000008bf8b160}: 'java.lang.Object java.lang.invoke.Invokers$Holder.linkToTargetMethod(java.lang.Object, java.lang.Object, java.lang.Object, java.lang.Object, java.lang.Object, java.lang.Object)'> (0x000000008bf8b160) thrown at [./src/hotspot/share/interpreter/linkResolver.cpp, line 773]
Event: 18.366 Thread 0x000000cd51c47000 Implicit null exception at 0x000000cd5d4816fc to 0x000000cd5d48205c
Event: 19.266 Thread 0x000000cd51c47000 Implicit null exception at 0x000000cd5d22705e to 0x000000cd5d2277ca
Event: 19.266 Thread 0x000000cd51c47000 Implicit null exception at 0x000000cd5d20ef2f to 0x000000cd5d20ef9d
Event: 21.007 Thread 0x000000cd51c47000 Exception <a 'java/lang/NoSuchMethodError'{0x000000008c7b4a08}: 'java.lang.Object java.lang.invoke.DirectMethodHandle$Holder.invokeStatic(java.lang.Object, int, java.lang.Object, java.lang.Object)'> (0x000000008c7b4a08) thrown at [./src/hotspot/share/interpreter/linkResolver.cpp, line 773]
Event: 21.010 Thread 0x000000cd51c47000 Exception <a 'java/lang/NoSuchMethodError'{0x000000008c7bf8f8}: 'int java.lang.invoke.DirectMethodHandle$Holder.invokeInterface(java.lang.Object, java.lang.Object)'> (0x000000008c7bf8f8) thrown at [./src/hotspot/share/interpreter/linkResolver.cpp, line 773]
Event: 21.033 Thread 0x000000cd51c47000 Exception <a 'java/lang/NoSuchMethodError'{0x000000008c7fd9a0}: 'java.lang.Object java.lang.invoke.DirectMethodHandle$Holder.invokeInterface(java.lang.Object, java.lang.Object, java.lang.Object)'> (0x000000008c7fd9a0) thrown at [./src/hotspot/share/interpreter/linkResolver.cpp, line 773]
Event: 22.058 Thread 0x000000cd51c47000 Exception <a 'java/lang/NoSuchMethodError'{0x000000008bca44b8}: 'java.lang.Object java.lang.invoke.Invokers$Holder.linkToTargetMethod(java.lang.Object, java.lang.Object, java.lang.Object, int, int, java.lang.Object)'> (0x000000008bca44b8) thrown at [./src/hotspot/share/interpreter/linkResolver.cpp, line 773]
Event: 22.519 Thread 0x000000cd51c47000 Exception <a 'java/lang/IncompatibleClassChangeError'{0x000000008b71e078}: Found class java.lang.Object, but interface was expected> (0x000000008b71e078) thrown at [./src/hotspot/share/interpreter/linkResolver.cpp, line 839]
Event: 22.639 Thread 0x000000cd51c47000 Exception <a 'java/lang/NoSuchMethodError'{0x000000008b6ac938}: 'java.lang.Object java.lang.invoke.Invokers$Holder.linkToTargetMethod(java.lang.Object, java.lang.Object, java.lang.Object, java.lang.Object, java.lang.Object, java.lang.Object, java.lang.Object)'> (0x000000008b6ac938) thrown at [./src/hotspot/share/interpreter/linkResolver.cpp, line 773]
Event: 26.886 Thread 0x000000cd51c47000 Implicit null exception at 0x000000cd5d2241f5 to 0x000000cd5d2243bc
Event: 27.244 Thread 0x000000cd51c47000 Implicit null exception at 0x000000cd5d49967b to 0x000000cd5d499931
Event: 27.808 Thread 0x000000cd51c47000 Exception <a 'java/lang/NoSuchMethodError'{0x000000008b320c38}: 'java.lang.Object java.lang.invoke.DirectMethodHandle$Holder.invokeStaticInit(java.lang.Object, java.lang.Object, java.lang.Object, java.lang.Object)'> (0x000000008b320c38) thrown at [./src/hotspot/share/interpreter/linkResolver.cpp, line 773]

Events (20 events):
Event: 28.068 loading class org/jetbrains/kotlin/ir/util/IdSignature$Flags done
Event: 28.068 loading class org/jetbrains/kotlin/ir/symbols/impl/IrClassPublicSymbolImpl
Event: 28.068 loading class org/jetbrains/kotlin/ir/symbols/impl/IrClassPublicSymbolImpl done
Event: 28.069 loading class org/jetbrains/kotlin/ir/symbols/impl/IrBindablePublicSymbolBase
Event: 28.069 loading class org/jetbrains/kotlin/ir/symbols/impl/IrBindablePublicSymbolBase done
Event: 28.069 loading class org/jetbrains/kotlin/ir/symbols/impl/IrPublicSymbolBase
Event: 28.069 loading class org/jetbrains/kotlin/ir/symbols/impl/IrPublicSymbolBase done
Event: 28.070 loading class org/jetbrains/kotlin/backend/jvm/JvmGeneratorExtensionsImpl$JvmEnhancedNullability
Event: 28.070 loading class org/jetbrains/kotlin/backend/jvm/JvmGeneratorExtensionsImpl$JvmEnhancedNullability done
Event: 28.070 loading class org/jetbrains/kotlin/ir/util/StubGeneratorExtensions$EnhancedNullability
Event: 28.070 loading class org/jetbrains/kotlin/ir/util/StubGeneratorExtensions$EnhancedNullability done
Event: 28.070 loading class org/jetbrains/kotlin/ir/util/StubGeneratorExtensions$EnhancedNullability$Instance
Event: 28.070 loading class org/jetbrains/kotlin/ir/util/StubGeneratorExtensions$EnhancedNullability$Instance done
Event: 28.070 loading class org/jetbrains/kotlin/backend/jvm/JvmGeneratorExtensionsImpl$JvmEnhancedNullability$Instance
Event: 28.070 loading class org/jetbrains/kotlin/backend/jvm/JvmGeneratorExtensionsImpl$JvmEnhancedNullability$Instance done
Event: 28.070 loading class org/jetbrains/kotlin/ir/types/impl/IrSimpleTypeImplKt
Event: 28.070 loading class org/jetbrains/kotlin/ir/types/impl/IrSimpleTypeImplKt done
Event: 28.071 loading class org/jetbrains/kotlin/ir/types/impl/IrTypeBaseKt
Event: 28.071 loading class org/jetbrains/kotlin/ir/types/impl/IrTypeBaseKt done
Event: 28.079 Executing VM operation: G1CollectForAllocation


Dynamic libraries:
0x00007ff79c580000 - 0x00007ff79c58a000 	E:\Zaki\Softwares\android-studio-2020.3.1.3-windows\android-studio\jre\bin\java.exe
0x00007ffad3c30000 - 0x00007ffad3ddc000 	C:\Windows\SYSTEM32\ntdll.dll
0x00007ffad3790000 - 0x00007ffad38ca000 	C:\Windows\system32\KERNEL32.DLL
0x00007ffad1350000 - 0x00007ffad1460000 	C:\Windows\system32\KERNELBASE.dll
0x00007ffac4170000 - 0x00007ffac4189000 	E:\Zaki\Softwares\android-studio-2020.3.1.3-windows\android-studio\jre\bin\jli.dll
0x00007ffacdd10000 - 0x00007ffacdd27000 	E:\Zaki\Softwares\android-studio-2020.3.1.3-windows\android-studio\jre\bin\VCRUNTIME140.dll
0x00007ffacdd00000 - 0x00007ffacdd04000 	C:\Windows\SYSTEM32\api-ms-win-crt-stdio-l1-1-0.dll
0x00007ffacdce0000 - 0x00007ffacdce4000 	C:\Windows\SYSTEM32\api-ms-win-crt-runtime-l1-1-0.dll
0x00007ffacdcc0000 - 0x00007ffacdcc3000 	C:\Windows\SYSTEM32\api-ms-win-crt-environment-l1-1-0.dll
0x00007ffacdca0000 - 0x00007ffacdca5000 	C:\Windows\SYSTEM32\api-ms-win-crt-math-l1-1-0.dll
0x00007ffacd240000 - 0x00007ffacd243000 	C:\Windows\SYSTEM32\api-ms-win-crt-locale-l1-1-0.dll
0x00007ffacdc70000 - 0x00007ffacdc73000 	C:\Windows\SYSTEM32\api-ms-win-crt-heap-l1-1-0.dll
0x00007fface800000 - 0x00007ffacea7a000 	C:\Windows\WinSxS\amd64_microsoft.windows.common-controls_6595b64144ccf1df_6.0.9600.17810_none_6240b9c7ecbd0bda\COMCTL32.dll
0x00007ffad3ab0000 - 0x00007ffad3c21000 	C:\Windows\system32\USER32.dll
0x00007ffacdc90000 - 0x00007ffacdc93000 	C:\Windows\SYSTEM32\api-ms-win-crt-filesystem-l1-1-0.dll
0x00007ffacdcf0000 - 0x00007ffacdcf4000 	C:\Windows\SYSTEM32\api-ms-win-crt-string-l1-1-0.dll
0x00007ffacdcd0000 - 0x00007ffacdcd4000 	C:\Windows\SYSTEM32\api-ms-win-crt-convert-l1-1-0.dll
0x00007ffad3a00000 - 0x00007ffad3aa7000 	C:\Windows\system32\msvcrt.dll
0x00007ffad1660000 - 0x00007ffad17a5000 	C:\Windows\system32\GDI32.dll
0x00007ffac96e0000 - 0x00007ffac97cc000 	C:\Windows\SYSTEM32\ucrtbase.DLL
0x00007ffad17b0000 - 0x00007ffad17e4000 	C:\Windows\system32\IMM32.DLL
0x00007ffad1e50000 - 0x00007ffad1f89000 	C:\Windows\system32\MSCTF.dll
0x00007ffacd260000 - 0x00007ffacd2fd000 	E:\Zaki\Softwares\android-studio-2020.3.1.3-windows\android-studio\jre\bin\msvcp140.dll
0x00007ffacd230000 - 0x00007ffacd235000 	C:\Windows\SYSTEM32\api-ms-win-crt-multibyte-l1-1-0.dll
0x00007ffacdc80000 - 0x00007ffacdc83000 	C:\Windows\SYSTEM32\api-ms-win-crt-time-l1-1-0.dll
0x00007ffacdcb0000 - 0x00007ffacdcb3000 	C:\Windows\SYSTEM32\api-ms-win-crt-utility-l1-1-0.dll
0x00007ffac54d0000 - 0x00007ffac5fa5000 	E:\Zaki\Softwares\android-studio-2020.3.1.3-windows\android-studio\jre\bin\server\jvm.dll
0x00007ffad19d0000 - 0x00007ffad1a75000 	C:\Windows\system32\ADVAPI32.dll
0x00007ffacdd30000 - 0x00007ffacdd39000 	C:\Windows\SYSTEM32\WSOCK32.dll
0x00007ffac8c40000 - 0x00007ffac8c5f000 	C:\Windows\SYSTEM32\WINMM.dll
0x00007ffacbe00000 - 0x00007ffacbe0a000 	C:\Windows\SYSTEM32\VERSION.dll
0x00007ffad3780000 - 0x00007ffad3787000 	C:\Windows\system32\PSAPI.DLL
0x00007ffad3940000 - 0x00007ffad3999000 	C:\Windows\SYSTEM32\sechost.dll
0x00007ffad1a80000 - 0x00007ffad1bb6000 	C:\Windows\system32\RPCRT4.dll
0x00007ffad39a0000 - 0x00007ffad39fa000 	C:\Windows\system32\WS2_32.dll
0x00007ffac8c10000 - 0x00007ffac8c3a000 	C:\Windows\SYSTEM32\WINMMBASE.dll
0x00007ffad1bc0000 - 0x00007ffad1bc9000 	C:\Windows\system32\NSI.dll
0x00007ffad1460000 - 0x00007ffad14aa000 	C:\Windows\SYSTEM32\cfgmgr32.dll
0x00007ffacfe10000 - 0x00007ffacfe36000 	C:\Windows\SYSTEM32\DEVOBJ.dll
0x00007ffacfc40000 - 0x00007ffacfc4a000 	C:\Windows\SYSTEM32\kernel.appcore.dll
0x00007ffacda50000 - 0x00007ffacda61000 	E:\Zaki\Softwares\android-studio-2020.3.1.3-windows\android-studio\jre\bin\verify.dll
0x00007ffac8d20000 - 0x00007ffac8ea9000 	C:\Windows\SYSTEM32\DBGHELP.DLL
0x00007ffacda20000 - 0x00007ffacda49000 	E:\Zaki\Softwares\android-studio-2020.3.1.3-windows\android-studio\jre\bin\java.dll
0x00007ffacdc60000 - 0x00007ffacdc6b000 	E:\Zaki\Softwares\android-studio-2020.3.1.3-windows\android-studio\jre\bin\jimage.dll
0x00007ffacda00000 - 0x00007ffacda18000 	E:\Zaki\Softwares\android-studio-2020.3.1.3-windows\android-studio\jre\bin\zip.dll
0x00007ffad22b0000 - 0x00007ffad36c7000 	C:\Windows\system32\SHELL32.dll
0x00007ffad17f0000 - 0x00007ffad19c6000 	C:\Windows\SYSTEM32\combase.dll
0x00007ffad2250000 - 0x00007ffad22a1000 	C:\Windows\system32\SHLWAPI.dll
0x00007ffacf620000 - 0x00007ffacf6bf000 	C:\Windows\SYSTEM32\SHCORE.dll
0x00007ffad0fa0000 - 0x00007ffad0fb4000 	C:\Windows\SYSTEM32\profapi.dll
0x00007ffacd3d0000 - 0x00007ffacd3ea000 	E:\Zaki\Softwares\android-studio-2020.3.1.3-windows\android-studio\jre\bin\net.dll
0x00007ffacbc40000 - 0x00007ffacbd09000 	C:\Windows\SYSTEM32\WINHTTP.dll
0x00007ffad08c0000 - 0x00007ffad0919000 	C:\Windows\system32\mswsock.dll
0x00007ffacd3b0000 - 0x00007ffacd3c4000 	E:\Zaki\Softwares\android-studio-2020.3.1.3-windows\android-studio\jre\bin\nio.dll

dbghelp: loaded successfully - version: 4.0.5 - missing functions: none
symbol engine: initialized successfully - sym options: 0x614 - pdb path: .;E:\Zaki\Softwares\android-studio-2020.3.1.3-windows\android-studio\jre\bin;C:\Windows\SYSTEM32;C:\Windows\WinSxS\amd64_microsoft.windows.common-controls_6595b64144ccf1df_6.0.9600.17810_none_6240b9c7ecbd0bda;E:\Zaki\Softwares\android-studio-2020.3.1.3-windows\android-studio\jre\bin\server

VM Arguments:
java_command: org.jetbrains.kotlin.cli.jvm.K2JVMCompiler @E:\Zaki\AndroidStudioProjects\MyAssignment2\app\build\20220511_13302625249440077156.compiler.options
java_class_path (initial): C:\Users\zaki1\.gradle\caches\modules-2\files-2.1\org.jetbrains.kotlin\kotlin-compiler-embeddable\1.6.10\88f2073f4020cdb83132cfe940ceb9a60aba54ea\kotlin-compiler-embeddable-1.6.10.jar;C:\Users\zaki1\.gradle\caches\modules-2\files-2.1\org.jetbrains.kotlin\kotlin-reflect\1.6.10\1cbe9c92c12a94eea200d23c2bbaedaf3daf5132\kotlin-reflect-1.6.10.jar;C:\Users\zaki1\.gradle\caches\modules-2\files-2.1\org.jetbrains.kotlin\kotlin-stdlib\1.6.10\b8af3fe6f1ca88526914929add63cf5e7c5049af\kotlin-stdlib-1.6.10.jar;C:\Users\zaki1\.gradle\caches\modules-2\files-2.1\org.jetbrains.kotlin\kotlin-script-runtime\1.6.10\d0a7ff2e2500ef497ed0214ae40ad3c8387a6164\kotlin-script-runtime-1.6.10.jar;C:\Users\zaki1\.gradle\caches\modules-2\files-2.1\org.jetbrains.kotlin\kotlin-daemon-embeddable\1.6.10\a56d79bcbea411fa6058e4ecffc2de73e742bd2a\kotlin-daemon-embeddable-1.6.10.jar;C:\Users\zaki1\.gradle\caches\modules-2\files-2.1\org.jetbrains.intellij.deps\trove4j\1.0.20181211\216c2e14b070f334479d800987affe4054cd563f\trove4j-1.0.20181211.jar;C:\Users\zaki1\.gradle\caches\modules-2\files-2.1\net.java.dev.jna\jna\5.6.0\330f2244e9030119ab3030fc3fededc86713d9cc\jna-5.6.0.jar;C:\Users\zaki1\.gradle\caches\modules-2\files-2.1\org.jetbrains\annotations\13.0\919f0dfe192fb4e063e7dacadee7f8bb9a2672a9\annotations-13.0.jar;C:\Users\zaki1\.gradle\caches\modules-2\files-2.1\org.jetbrains.kotlin\kotlin-stdlib-common\1.6.10\c118700e3a33c8a0d9adc920e9dec0831171925\kotlin-stdlib-common-1.6.10.jar
Launcher Type: SUN_STANDARD

[Global flags]
     intx CICompilerCount                          = 3                                         {product} {ergonomic}
     uint ConcGCThreads                            = 1                                         {product} {ergonomic}
     uint G1ConcRefinementThreads                  = 4                                         {product} {ergonomic}
   size_t G1HeapRegionSize                         = 1048576                                   {product} {ergonomic}
    uintx GCDrainStackTargetSize                   = 64                                        {product} {ergonomic}
   size_t InitialHeapSize                          = 130023424                                 {product} {ergonomic}
   size_t MarkStackSize                            = 4194304                                   {product} {ergonomic}
   size_t MaxHeapSize                              = 2061500416                                {product} {ergonomic}
   size_t MaxNewSize                               = 1236271104                                {product} {ergonomic}
   size_t MinHeapDeltaBytes                        = 1048576                                   {product} {ergonomic}
    uintx NonNMethodCodeHeapSize                   = 5830732                                {pd product} {ergonomic}
    uintx NonProfiledCodeHeapSize                  = 122913754                              {pd product} {ergonomic}
    uintx ProfiledCodeHeapSize                     = 122913754                              {pd product} {ergonomic}
    uintx ReservedCodeCacheSize                    = 251658240                              {pd product} {ergonomic}
     bool SegmentedCodeCache                       = true                                      {product} {ergonomic}
     bool UseCompressedClassPointers               = true                                 {lp64_product} {ergonomic}
     bool UseCompressedOops                        = true                                 {lp64_product} {ergonomic}
     bool UseG1GC                                  = true                                      {product} {ergonomic}
     bool UseLargePagesIndividualAllocation        = false                                  {pd product} {ergonomic}

Logging:
Log output configuration:
 #0: stdout all=warning uptime,level,tags
 #1: stderr all=off uptime,level,tags

Environment Variables:
JAVA_HOME=C:\Program Files\Java\jdk-15.0.2\bin
PATH=C:\Program Files\Broadcom\Broadcom 802.11 Network Adapter\Driver;;C:\Program Files\Common Files\Oracle\Java\javapath;C:\Windows\system32;C:\Windows;C:\Windows\System32\Wbem;C:\Windows\System32\WindowsPowerShell\v1.0\;C:\Program Files\Java\jdk-15.0.2\bin;C:\Program Files\nodejs\;E:\Zaki\Private\Android\Sdk\platform-tools;C:\Program Files\Git\cmd;C:\Program Files\IBM\Cloud\bin;E:\Zaki\KotlinCompiler\kotlinc\bin;C:\Program Files\PuTTY\;C:\Users\zaki1\AppData\Roaming\npm;C:\Users\zaki1\AppData\Local\Programs\Microsoft VS Code\bin;C:\Program Files\IBM\Cloud\bin
USERNAME=zaki1
OS=Windows_NT
PROCESSOR_IDENTIFIER=Intel64 Family 6 Model 37 Stepping 5, GenuineIntel



---------------  S Y S T E M  ---------------

OS: Windows 8.1 , 64 bit Build 9600 (6.3.9600.17031)
OS uptime: 0 days 5:24 hours

CPU:total 4 (initial active 4) (2 cores per cpu, 2 threads per core) family 6 model 37 stepping 5 microcode 0x2, cmov, cx8, fxsr, mmx, sse, sse2, sse3, ssse3, sse4.1, sse4.2, popcnt, ht, tsc, tscinvbit

Memory: 4k page, system-wide physical 7862M (594M free)
TotalPageFile size 7862M (AvailPageFile size 32M)
current process WorkingSet (physical memory assigned to process): 336M, peak: 336M
current process commit charge ("private bytes"): 375M, peak: 405M

vm_info: OpenJDK 64-Bit Server VM (11.0.11+9-b60-7590822) for windows-amd64 JRE (11.0.11+9-b60-7590822), built on Jul 29 2021 21:43:44 by "builder" with MS VC++ 14.0 (VS2015)

END.
