#
# There is insufficient memory for the Java Runtime Environment to continue.
# Native memory allocation (malloc) failed to allocate 1048576 bytes for AllocateHeap
# Possible reasons:
#   The system is out of physical RAM or swap space
#   The process is running with CompressedOops enabled, and the Java Heap may be blocking the growth of the native heap
# Possible solutions:
#   Reduce memory load on the system
#   Increase physical memory or swap space
#   Check if swap backing store is full
#   Decrease Java heap size (-Xmx/-Xms)
#   Decrease number of Java threads
#   Decrease Java thread stack sizes (-Xss)
#   Set larger code cache with -XX:ReservedCodeCacheSize=
#   JVM is running with Unscaled Compressed Oops mode in which the Java heap is
#     placed in the first 4GB address space. The Java Heap base address is the
#     maximum limit for the native heap growth. Please use -XX:HeapBaseMinAddress
#     to set the Java Heap base and to place the Java Heap above 4GB virtual address.
# This output file may be truncated or incomplete.
#
#  Out of Memory Error (./src/hotspot/share/memory/allocation.cpp:46), pid=5088, tid=4828
#
# JRE version:  (11.0.11+9) (build )
# Java VM: OpenJDK 64-Bit Server VM (11.0.11+9-b60-7590822, mixed mode, sharing, tiered, compressed oops, g1 gc, windows-amd64)
# No core dump will be written. Minidumps are not enabled by default on client versions of Windows
#

---------------  S U M M A R Y ------------

Command Line: org.jetbrains.git4idea.http.GitAskPassApp Username for 'https://github.com/zakisk/TodoApp.git': 

Host: Intel(R) Core(TM) i3 CPU       M 370  @ 2.40GHz, 4 cores, 7G,  Windows 8.1 , 64 bit Build 9600 (6.3.9600.17031)
Time: Wed May 11 22:18:56 2022 India Standard Time elapsed time: 0.065291 seconds (0d 0h 0m 0s)

---------------  T H R E A D  ---------------

Current thread (0x000000a48768a800):  JavaThread "Unknown thread" [_thread_in_vm, id=4828, stack(0x000000a487490000,0x000000a487590000)]

Stack: [0x000000a487490000,0x000000a487590000]
Native frames: (J=compiled Java code, j=interpreted, Vv=VM code, C=native code)
V  [jvm.dll+0x5f214a]
V  [jvm.dll+0x726fb5]
V  [jvm.dll+0x7285cd]
V  [jvm.dll+0x728c83]
V  [jvm.dll+0x243278]
V  [jvm.dll+0xb3a34]
V  [jvm.dll+0x2d5848]
V  [jvm.dll+0x705b97]
V  [jvm.dll+0x70739c]
V  [jvm.dll+0x3598f9]
V  [jvm.dll+0x6e931e]
V  [jvm.dll+0x3c1c43]
V  [jvm.dll+0x3c3e81]
C  [jli.dll+0x5373]
C  [ucrtbase.DLL+0x6173d]
C  [KERNEL32.DLL+0x168d]
C  [ntdll.dll+0x15444]


---------------  P R O C E S S  ---------------

Threads class SMR info:
_java_thread_list=0x000000a4875add40, length=0, elements={
}

Java Threads: ( => current thread )

Other Threads:

=>0x000000a48768a800 (exited) JavaThread "Unknown thread" [_thread_in_vm, id=4828, stack(0x000000a487490000,0x000000a487590000)]

Threads with active compile tasks:

VM state:not at safepoint (not fully initialized)

VM Mutex/Monitor currently owned by a thread: None


[error occurred during error reporting (printing compressed oops mode), id 0xc0000005, EXCEPTION_ACCESS_VIOLATION (0xc0000005) at pc=0x00007fff6a0a69e7]

GC Heap History (0 events):
No events

Deoptimization events (0 events):
No events

Classes redefined (0 events):
No events

Internal exceptions (0 events):
No events

Events (1 events):
Event: 0.010 Loaded shared library E:\Zaki\Softwares\android-studio-2020.3.1.3-windows\android-studio\jre\bin\zip.dll


Dynamic libraries:
0x00007ff729b80000 - 0x00007ff729b8a000 	E:\Zaki\Softwares\android-studio-2020.3.1.3-windows\android-studio\jre\bin\java.exe
0x00007fff78060000 - 0x00007fff7820c000 	C:\Windows\SYSTEM32\ntdll.dll
0x00007fff77790000 - 0x00007fff778ca000 	C:\Windows\system32\KERNEL32.DLL
0x00007fff755f0000 - 0x00007fff75700000 	C:\Windows\system32\KERNELBASE.dll
0x00007fff60ed0000 - 0x00007fff60ee9000 	E:\Zaki\Softwares\android-studio-2020.3.1.3-windows\android-studio\jre\bin\jli.dll
0x00007fff717b0000 - 0x00007fff717c7000 	E:\Zaki\Softwares\android-studio-2020.3.1.3-windows\android-studio\jre\bin\VCRUNTIME140.dll
0x00007fff717a0000 - 0x00007fff717a4000 	C:\Windows\SYSTEM32\api-ms-win-crt-stdio-l1-1-0.dll
0x00007fff71720000 - 0x00007fff71724000 	C:\Windows\SYSTEM32\api-ms-win-crt-runtime-l1-1-0.dll
0x00007fff71700000 - 0x00007fff71703000 	C:\Windows\SYSTEM32\api-ms-win-crt-environment-l1-1-0.dll
0x00007fff716e0000 - 0x00007fff716e5000 	C:\Windows\SYSTEM32\api-ms-win-crt-math-l1-1-0.dll
0x00007fff6d970000 - 0x00007fff6d973000 	C:\Windows\SYSTEM32\api-ms-win-crt-locale-l1-1-0.dll
0x00007fff716b0000 - 0x00007fff716b3000 	C:\Windows\SYSTEM32\api-ms-win-crt-heap-l1-1-0.dll
0x00007fff73150000 - 0x00007fff733ca000 	C:\Windows\WinSxS\amd64_microsoft.windows.common-controls_6595b64144ccf1df_6.0.9600.17810_none_6240b9c7ecbd0bda\COMCTL32.dll
0x00007fff77990000 - 0x00007fff77b01000 	C:\Windows\system32\USER32.dll
0x00007fff716d0000 - 0x00007fff716d3000 	C:\Windows\SYSTEM32\api-ms-win-crt-filesystem-l1-1-0.dll
0x00007fff71730000 - 0x00007fff71734000 	C:\Windows\SYSTEM32\api-ms-win-crt-string-l1-1-0.dll
0x00007fff71710000 - 0x00007fff71714000 	C:\Windows\SYSTEM32\api-ms-win-crt-convert-l1-1-0.dll
0x00007fff772f0000 - 0x00007fff77397000 	C:\Windows\system32\msvcrt.dll
0x00007fff77bd0000 - 0x00007fff77d15000 	C:\Windows\system32\GDI32.dll
0x00007fff6d650000 - 0x00007fff6d73c000 	C:\Windows\SYSTEM32\ucrtbase.DLL
0x00007fff77f00000 - 0x00007fff77f34000 	C:\Windows\system32\IMM32.DLL
0x00007fff77070000 - 0x00007fff771a9000 	C:\Windows\system32\MSCTF.dll
0x00007fff6ca60000 - 0x00007fff6cafd000 	E:\Zaki\Softwares\android-studio-2020.3.1.3-windows\android-studio\jre\bin\msvcp140.dll
0x00007fff6d620000 - 0x00007fff6d625000 	C:\Windows\SYSTEM32\api-ms-win-crt-multibyte-l1-1-0.dll
0x00007fff716c0000 - 0x00007fff716c3000 	C:\Windows\SYSTEM32\api-ms-win-crt-time-l1-1-0.dll
0x00007fff716f0000 - 0x00007fff716f3000 	C:\Windows\SYSTEM32\api-ms-win-crt-utility-l1-1-0.dll
0x00007fff699a0000 - 0x00007fff6a475000 	E:\Zaki\Softwares\android-studio-2020.3.1.3-windows\android-studio\jre\bin\server\jvm.dll
0x00007fff77670000 - 0x00007fff77715000 	C:\Windows\system32\ADVAPI32.dll
0x00007fff717d0000 - 0x00007fff717d9000 	C:\Windows\SYSTEM32\WSOCK32.dll
0x00007fff6cf50000 - 0x00007fff6cf6f000 	C:\Windows\SYSTEM32\WINMM.dll
0x00007fff6fd60000 - 0x00007fff6fd6a000 	C:\Windows\SYSTEM32\VERSION.dll
0x00007fff77f40000 - 0x00007fff77f47000 	C:\Windows\system32\PSAPI.DLL
0x00007fff77610000 - 0x00007fff77669000 	C:\Windows\SYSTEM32\sechost.dll
0x00007fff771b0000 - 0x00007fff772e6000 	C:\Windows\system32\RPCRT4.dll
0x00007fff77720000 - 0x00007fff7777a000 	C:\Windows\system32\WS2_32.dll
0x00007fff6cf20000 - 0x00007fff6cf4a000 	C:\Windows\SYSTEM32\WINMMBASE.dll
0x00007fff75a60000 - 0x00007fff75a69000 	C:\Windows\system32\NSI.dll
0x00007fff75550000 - 0x00007fff7559a000 	C:\Windows\SYSTEM32\cfgmgr32.dll
0x00007fff74240000 - 0x00007fff74266000 	C:\Windows\SYSTEM32\DEVOBJ.dll
0x00007fff73fe0000 - 0x00007fff73fea000 	C:\Windows\SYSTEM32\kernel.appcore.dll
0x00007fff71690000 - 0x00007fff716a1000 	E:\Zaki\Softwares\android-studio-2020.3.1.3-windows\android-studio\jre\bin\verify.dll
0x00007fff6d040000 - 0x00007fff6d1c9000 	C:\Windows\SYSTEM32\DBGHELP.DLL
0x00007fff71660000 - 0x00007fff71689000 	E:\Zaki\Softwares\android-studio-2020.3.1.3-windows\android-studio\jre\bin\java.dll
0x00007fff71650000 - 0x00007fff7165b000 	E:\Zaki\Softwares\android-studio-2020.3.1.3-windows\android-studio\jre\bin\jimage.dll
0x00007fff71630000 - 0x00007fff71648000 	E:\Zaki\Softwares\android-studio-2020.3.1.3-windows\android-studio\jre\bin\zip.dll

dbghelp: loaded successfully - version: 4.0.5 - missing functions: none
symbol engine: initialized successfully - sym options: 0x614 - pdb path: .;E:\Zaki\Softwares\android-studio-2020.3.1.3-windows\android-studio\jre\bin;C:\Windows\SYSTEM32;C:\Windows\WinSxS\amd64_microsoft.windows.common-controls_6595b64144ccf1df_6.0.9600.17810_none_6240b9c7ecbd0bda;E:\Zaki\Softwares\android-studio-2020.3.1.3-windows\android-studio\jre\bin\server

VM Arguments:
java_command: org.jetbrains.git4idea.http.GitAskPassApp Username for 'https://github.com/zakisk/TodoApp.git': 
java_class_path (initial): E:/Zaki/Softwares/android-studio-2020.3.1.3-windows/android-studio/plugins/git4idea/lib/git4idea-rt.jar;E:/Zaki/Softwares/android-studio-2020.3.1.3-windows/android-studio/lib/xmlrpc-2.0.1.jar;E:/Zaki/Softwares/android-studio-2020.3.1.3-windows/android-studio/lib/commons-codec-1.15.jar
Launcher Type: SUN_STANDARD

[Global flags]
     intx CICompilerCount                          = 3                                         {product} {ergonomic}
     uint G1ConcRefinementThreads                  = 4                                         {product} {ergonomic}
   size_t G1HeapRegionSize                         = 1048576                                   {product} {ergonomic}
    uintx GCDrainStackTargetSize                   = 64                                        {product} {ergonomic}
   size_t InitialHeapSize                          = 130023424                                 {product} {ergonomic}
   size_t MaxHeapSize                              = 2061500416                                {product} {ergonomic}
   size_t MinHeapDeltaBytes                        = 1048576                                   {product} {ergonomic}
    uintx NonNMethodCodeHeapSize                   = 5830732                                {pd product} {ergonomic}
    uintx NonProfiledCodeHeapSize                  = 122913754                              {pd product} {ergonomic}
    uintx ProfiledCodeHeapSize                     = 122913754                              {pd product} {ergonomic}
    uintx ReservedCodeCacheSize                    = 251658240                              {pd product} {ergonomic}
     bool SegmentedCodeCache                       = true                                      {product} {ergonomic}
     bool UseCompressedClassPointers               = true                                 {lp64_product} {ergonomic}
     bool UseCompressedOops                        = true                                 {lp64_product} {ergonomic}
     bool UseG1GC                                  = true                                      {product} {ergonomic}
     bool UseLargePagesIndividualAllocation        = false                                  {pd product} {ergonomic}

Logging:
Log output configuration:
 #0: stdout all=warning uptime,level,tags
 #1: stderr all=off uptime,level,tags

Environment Variables:
JAVA_HOME=C:\Program Files\Java\jdk-15.0.2\bin
PATH=C:\Program Files\Git\mingw64\libexec\git-core;C:\Program Files\Git\mingw64\libexec\git-core;C:\Program Files\Git\mingw64\bin;C:\Program Files\Git\usr\bin;C:\Users\zaki1\bin;C:\Program Files\Broadcom\Broadcom 802.11 Network Adapter\Driver;C:\Program Files\Common Files\Oracle\Java\javapath;C:\Windows\system32;C:\Windows;C:\Windows\System32\Wbem;C:\Windows\System32\WindowsPowerShell\v1.0;C:\Program Files\Java\jdk-15.0.2\bin;C:\Program Files\nodejs;E:\Zaki\Private\Android\Sdk\platform-tools;C:\Program Files\Git\cmd;C:\Program Files\IBM\Cloud\bin;E:\Zaki\KotlinCompiler\kotlinc\bin;C:\Program Files\PuTTY;C:\Users\zaki1\AppData\Roaming\npm;C:\Users\zaki1\AppData\Local\Programs\Microsoft VS Code\bin;C:\Program Files\IBM\Cloud\bin
USERNAME=zaki1
DISPLAY=:0.0
LC_ALL=en_US.UTF-8
OS=Windows_NT
PROCESSOR_IDENTIFIER=Intel64 Family 6 Model 37 Stepping 5, GenuineIntel



---------------  S Y S T E M  ---------------

OS: Windows 8.1 , 64 bit Build 9600 (6.3.9600.17031)
OS uptime: 0 days 11:32 hours

CPU:total 4 (initial active 4) (2 cores per cpu, 2 threads per core) family 6 model 37 stepping 5 microcode 0x2, cmov, cx8, fxsr, mmx, sse, sse2, sse3, ssse3, sse4.1, sse4.2, popcnt, ht, tsc, tscinvbit

Memory: 4k page, system-wide physical 7862M (821M free)
TotalPageFile size 7862M (AvailPageFile size 5M)
current process WorkingSet (physical memory assigned to process): 8M, peak: 8M
current process commit charge ("private bytes"): 10M, peak: 11M

vm_info: OpenJDK 64-Bit Server VM (11.0.11+9-b60-7590822) for windows-amd64 JRE (11.0.11+9-b60-7590822), built on Jul 29 2021 21:43:44 by "builder" with MS VC++ 14.0 (VS2015)

END.
